[INFO] 03:20:39:550 CPU/(2591:2591): Config cargada en config_cpu
[INFO] 03:20:39:551 CPU/(2591:2591): El cliente se conectara a 127.0.0.1:8002 

[ERROR] 03:20:39:558 CPU/(2591:2591): Error al conectar (a MEMORIA)

[INFO] 03:21:48:631 CPU/(2659:2659): Config cargada en config_cpu
[INFO] 03:21:48:636 CPU/(2659:2659): El cliente se conectara a 127.0.0.1:8002 

[INFO] 03:21:48:637 CPU/(2659:2659): Cliente conectado en 127.0.0.1:8002 (a MEMORIA)

[INFO] 03:21:48:638 CPU/(2659:2659): Conexión exitosa con el modulo MEMORIA 

[INFO] 03:21:48:639 CPU/(2659:2659): Escuchando en 127.0.0.1:8001 (CPU)

[INFO] 03:21:48:639 CPU/(2659:2659): Servidor listo para recibir al cliente 

[ERROR] 03:24:48:556 CPU/(2659:2659): El cliente se desconecto. Terminando Servidor 

[INFO] 03:24:59:505 CPU/(2706:2706): Config cargada en config_cpu
[INFO] 03:24:59:506 CPU/(2706:2706): El cliente se conectara a 127.0.0.1:8002 

[INFO] 03:24:59:507 CPU/(2706:2706): Cliente conectado en 127.0.0.1:8002 (a MEMORIA)

[INFO] 03:24:59:508 CPU/(2706:2706): Conexión exitosa con el modulo MEMORIA 

[INFO] 03:24:59:508 CPU/(2706:2706): Escuchando en 127.0.0.1:8001 (CPU)

[INFO] 03:24:59:509 CPU/(2706:2706): Servidor listo para recibir al cliente 

[ERROR] 03:25:04:202 CPU/(2706:2706): El cliente se desconecto. Terminando Servidor 

[INFO] 03:25:10:647 CPU/(2723:2723): Config cargada en config_cpu
[INFO] 03:25:10:649 CPU/(2723:2723): El cliente se conectara a 127.0.0.1:8002 

[INFO] 03:25:10:651 CPU/(2723:2723): Cliente conectado en 127.0.0.1:8002 (a MEMORIA)

[INFO] 03:25:10:653 CPU/(2723:2723): Conexión exitosa con el modulo MEMORIA 

[INFO] 03:25:10:658 CPU/(2723:2723): Escuchando en 127.0.0.1:8001 (CPU)

[INFO] 03:25:10:658 CPU/(2723:2723): Servidor listo para recibir al cliente 

[WARNING] 03:25:13:355 CPU/(2723:2723): PID: 1 - Ejecutando SET 

[INFO] 03:25:14:355 CPU/(2723:2723): PID: 1 - Instruccion SET AX AAAA finalizada 

[WARNING] 03:25:14:358 CPU/(2723:2723): PID: 1 - Ejecutando SET 

[INFO] 03:25:15:359 CPU/(2723:2723): PID: 1 - Instruccion SET BX BBBB finalizada 

[WARNING] 03:25:15:361 CPU/(2723:2723): PID: 1 - Ejecutando SET 

[INFO] 03:25:16:361 CPU/(2723:2723): PID: 1 - Instruccion SET CX CCCC finalizada 

[WARNING] 03:25:16:363 CPU/(2723:2723): PID: 1 - Ejecutando SET 

[INFO] 03:25:17:364 CPU/(2723:2723): PID: 1 - Instruccion SET DX DDDD finalizada 

[WARNING] 03:25:17:365 CPU/(2723:2723): PID: 1 - Ejecutando SET 

[INFO] 03:25:18:366 CPU/(2723:2723): PID: 1 - Instruccion SET EAX AAAAAAAA finalizada 

[WARNING] 03:25:18:368 CPU/(2723:2723): PID: 1 - Ejecutando SET 

[INFO] 03:25:19:368 CPU/(2723:2723): PID: 1 - Instruccion SET EBX BBBBBBBB finalizada 

[WARNING] 03:25:19:369 CPU/(2723:2723): PID: 1 - Ejecutando SET 

[INFO] 03:25:20:370 CPU/(2723:2723): PID: 1 - Instruccion SET ECX CCCCCCCC finalizada 

[WARNING] 03:25:20:373 CPU/(2723:2723): PID: 1 - Ejecutando SET 

[INFO] 03:25:21:374 CPU/(2723:2723): PID: 1 - Instruccion SET EDX DDDDDDDD finalizada 

[WARNING] 03:25:21:376 CPU/(2723:2723): PID: 1 - Ejecutando SET 

[INFO] 03:25:22:377 CPU/(2723:2723): PID: 1 - Instruccion SET RAX AAAAAAAAAAAAAAAA finalizada 

[WARNING] 03:25:22:377 CPU/(2723:2723): PID: 1 - Ejecutando SET 

[INFO] 03:25:23:378 CPU/(2723:2723): PID: 1 - Instruccion SET RBX BBBBBBBBBBBBBBBB finalizada 

[WARNING] 03:25:23:382 CPU/(2723:2723): PID: 1 - Ejecutando SET 

[INFO] 03:25:24:383 CPU/(2723:2723): PID: 1 - Instruccion SET RCX CCCCCCCCCCCCCCCC finalizada 

[WARNING] 03:25:24:384 CPU/(2723:2723): PID: 1 - Ejecutando SET 

[INFO] 03:25:25:385 CPU/(2723:2723): PID: 1 - Instruccion SET RDX DDDDDDDDDDDDDDDD finalizada 

[WARNING] 03:25:25:386 CPU/(2723:2723): PID: 1 - Ejecutando YIELD 

[INFO] 03:25:25:387 CPU/(2723:2723): PID: 1 - Instruccion YIELD a ejecutar por parte del Kernel 

[WARNING] 03:25:25:390 CPU/(2723:2723): PID: 2 - Ejecutando SET 

[INFO] 03:25:26:391 CPU/(2723:2723): PID: 2 - Instruccion SET AX ARG0 finalizada 

[WARNING] 03:25:26:393 CPU/(2723:2723): PID: 2 - Ejecutando SET 

[INFO] 03:25:27:394 CPU/(2723:2723): PID: 2 - Instruccion SET BX FRA0 finalizada 

[WARNING] 03:25:27:397 CPU/(2723:2723): PID: 2 - Ejecutando YIELD 

[INFO] 03:25:27:397 CPU/(2723:2723): PID: 2 - Instruccion YIELD a ejecutar por parte del Kernel 

[WARNING] 03:25:27:443 CPU/(2723:2723): PID: 3 - Ejecutando SET 

[INFO] 03:25:28:443 CPU/(2723:2723): PID: 3 - Instruccion SET AX ARG0 finalizada 

[WARNING] 03:25:28:445 CPU/(2723:2723): PID: 3 - Ejecutando SET 

[INFO] 03:25:29:446 CPU/(2723:2723): PID: 3 - Instruccion SET BX FRA0 finalizada 

[WARNING] 03:25:29:447 CPU/(2723:2723): PID: 3 - Ejecutando YIELD 

[INFO] 03:25:29:448 CPU/(2723:2723): PID: 3 - Instruccion YIELD a ejecutar por parte del Kernel 

[WARNING] 03:25:29:492 CPU/(2723:2723): PID: 1 - Ejecutando SET 

[INFO] 03:25:30:493 CPU/(2723:2723): PID: 1 - Instruccion SET RAX TCHOUAMENIAFUERA finalizada 

[WARNING] 03:25:30:494 CPU/(2723:2723): PID: 1 - Ejecutando SET 

[INFO] 03:25:31:495 CPU/(2723:2723): PID: 1 - Instruccion SET RBX SEGUNDO_FRANCIA_ finalizada 

[WARNING] 03:25:31:496 CPU/(2723:2723): PID: 1 - Ejecutando EXIT 

[INFO] 03:25:31:496 CPU/(2723:2723): PID: 1 - Instruccion EXIT a ejecutar por parte del Kernel 

[WARNING] 03:25:31:541 CPU/(2723:2723): PID: 2 - Ejecutando SET 

[INFO] 03:25:32:541 CPU/(2723:2723): PID: 2 - Instruccion SET AX ARG1 finalizada 

[WARNING] 03:25:32:543 CPU/(2723:2723): PID: 2 - Ejecutando SET 

[INFO] 03:25:33:544 CPU/(2723:2723): PID: 2 - Instruccion SET BX FRA0 finalizada 

[WARNING] 03:25:33:547 CPU/(2723:2723): PID: 2 - Ejecutando YIELD 

[INFO] 03:25:33:547 CPU/(2723:2723): PID: 2 - Instruccion YIELD a ejecutar por parte del Kernel 

[WARNING] 03:25:33:589 CPU/(2723:2723): PID: 3 - Ejecutando SET 

[INFO] 03:25:34:589 CPU/(2723:2723): PID: 3 - Instruccion SET AX ARG1 finalizada 

[WARNING] 03:25:34:591 CPU/(2723:2723): PID: 3 - Ejecutando SET 

[INFO] 03:25:35:592 CPU/(2723:2723): PID: 3 - Instruccion SET BX FRA0 finalizada 

[WARNING] 03:25:35:594 CPU/(2723:2723): PID: 3 - Ejecutando YIELD 

[INFO] 03:25:35:594 CPU/(2723:2723): PID: 3 - Instruccion YIELD a ejecutar por parte del Kernel 

[WARNING] 03:25:35:636 CPU/(2723:2723): PID: 2 - Ejecutando SET 

[INFO] 03:25:36:637 CPU/(2723:2723): PID: 2 - Instruccion SET AX ARG2 finalizada 

[WARNING] 03:25:36:637 CPU/(2723:2723): PID: 2 - Ejecutando SET 

[INFO] 03:25:37:639 CPU/(2723:2723): PID: 2 - Instruccion SET BX FRA0 finalizada 

[WARNING] 03:25:37:639 CPU/(2723:2723): PID: 2 - Ejecutando YIELD 

[INFO] 03:25:37:640 CPU/(2723:2723): PID: 2 - Instruccion YIELD a ejecutar por parte del Kernel 

[WARNING] 03:25:37:684 CPU/(2723:2723): PID: 3 - Ejecutando SET 

[INFO] 03:25:38:685 CPU/(2723:2723): PID: 3 - Instruccion SET AX ARG2 finalizada 

[WARNING] 03:25:38:688 CPU/(2723:2723): PID: 3 - Ejecutando SET 

[INFO] 03:25:39:689 CPU/(2723:2723): PID: 3 - Instruccion SET BX FRA0 finalizada 

[WARNING] 03:25:39:690 CPU/(2723:2723): PID: 3 - Ejecutando YIELD 

[INFO] 03:25:39:690 CPU/(2723:2723): PID: 3 - Instruccion YIELD a ejecutar por parte del Kernel 

[WARNING] 03:25:39:733 CPU/(2723:2723): PID: 2 - Ejecutando SET 

[INFO] 03:25:40:733 CPU/(2723:2723): PID: 2 - Instruccion SET AX ARG2 finalizada 

[WARNING] 03:25:40:735 CPU/(2723:2723): PID: 2 - Ejecutando SET 

[INFO] 03:25:41:737 CPU/(2723:2723): PID: 2 - Instruccion SET BX FRA1 finalizada 

[WARNING] 03:25:41:739 CPU/(2723:2723): PID: 2 - Ejecutando YIELD 

[INFO] 03:25:41:739 CPU/(2723:2723): PID: 2 - Instruccion YIELD a ejecutar por parte del Kernel 

[WARNING] 03:25:41:784 CPU/(2723:2723): PID: 3 - Ejecutando SET 

[INFO] 03:25:42:785 CPU/(2723:2723): PID: 3 - Instruccion SET AX ARG2 finalizada 

[WARNING] 03:25:42:785 CPU/(2723:2723): PID: 3 - Ejecutando SET 

[INFO] 03:25:43:786 CPU/(2723:2723): PID: 3 - Instruccion SET BX FRA1 finalizada 

[WARNING] 03:25:43:786 CPU/(2723:2723): PID: 3 - Ejecutando YIELD 

[INFO] 03:25:43:786 CPU/(2723:2723): PID: 3 - Instruccion YIELD a ejecutar por parte del Kernel 

[WARNING] 03:25:43:829 CPU/(2723:2723): PID: 2 - Ejecutando SET 

[INFO] 03:25:44:829 CPU/(2723:2723): PID: 2 - Instruccion SET AX ARG2 finalizada 

[WARNING] 03:25:44:830 CPU/(2723:2723): PID: 2 - Ejecutando SET 

[INFO] 03:25:45:830 CPU/(2723:2723): PID: 2 - Instruccion SET BX FRA2 finalizada 

[WARNING] 03:25:45:831 CPU/(2723:2723): PID: 2 - Ejecutando YIELD 

[INFO] 03:25:45:831 CPU/(2723:2723): PID: 2 - Instruccion YIELD a ejecutar por parte del Kernel 

[WARNING] 03:25:45:874 CPU/(2723:2723): PID: 3 - Ejecutando SET 

[INFO] 03:25:46:875 CPU/(2723:2723): PID: 3 - Instruccion SET AX ARG2 finalizada 

[WARNING] 03:25:46:876 CPU/(2723:2723): PID: 3 - Ejecutando SET 

[INFO] 03:25:47:877 CPU/(2723:2723): PID: 3 - Instruccion SET BX FRA2 finalizada 

[WARNING] 03:25:47:879 CPU/(2723:2723): PID: 3 - Ejecutando YIELD 

[INFO] 03:25:47:879 CPU/(2723:2723): PID: 3 - Instruccion YIELD a ejecutar por parte del Kernel 

[WARNING] 03:25:47:921 CPU/(2723:2723): PID: 2 - Ejecutando SET 

[INFO] 03:25:48:921 CPU/(2723:2723): PID: 2 - Instruccion SET AX ARG3 finalizada 

[WARNING] 03:25:48:923 CPU/(2723:2723): PID: 2 - Ejecutando SET 

[INFO] 03:25:49:924 CPU/(2723:2723): PID: 2 - Instruccion SET BX FRA2 finalizada 

[WARNING] 03:25:49:925 CPU/(2723:2723): PID: 2 - Ejecutando YIELD 

[INFO] 03:25:49:925 CPU/(2723:2723): PID: 2 - Instruccion YIELD a ejecutar por parte del Kernel 

[WARNING] 03:25:49:969 CPU/(2723:2723): PID: 3 - Ejecutando SET 

[INFO] 03:25:50:969 CPU/(2723:2723): PID: 3 - Instruccion SET AX ARG3 finalizada 

[WARNING] 03:25:50:970 CPU/(2723:2723): PID: 3 - Ejecutando SET 

[INFO] 03:25:51:971 CPU/(2723:2723): PID: 3 - Instruccion SET BX FRA2 finalizada 

[WARNING] 03:25:51:972 CPU/(2723:2723): PID: 3 - Ejecutando YIELD 

[INFO] 03:25:51:972 CPU/(2723:2723): PID: 3 - Instruccion YIELD a ejecutar por parte del Kernel 

[WARNING] 03:25:52:029 CPU/(2723:2723): PID: 2 - Ejecutando SET 

[INFO] 03:25:53:030 CPU/(2723:2723): PID: 2 - Instruccion SET AX ARG3 finalizada 

[WARNING] 03:25:53:033 CPU/(2723:2723): PID: 2 - Ejecutando SET 

[INFO] 03:25:54:034 CPU/(2723:2723): PID: 2 - Instruccion SET BX FRA3 finalizada 

[WARNING] 03:25:54:040 CPU/(2723:2723): PID: 2 - Ejecutando YIELD 

[INFO] 03:25:54:041 CPU/(2723:2723): PID: 2 - Instruccion YIELD a ejecutar por parte del Kernel 

[WARNING] 03:25:54:085 CPU/(2723:2723): PID: 3 - Ejecutando SET 

[INFO] 03:25:55:085 CPU/(2723:2723): PID: 3 - Instruccion SET AX ARG3 finalizada 

[WARNING] 03:25:55:086 CPU/(2723:2723): PID: 3 - Ejecutando SET 

[INFO] 03:25:56:087 CPU/(2723:2723): PID: 3 - Instruccion SET BX FRA3 finalizada 

[WARNING] 03:25:56:088 CPU/(2723:2723): PID: 3 - Ejecutando YIELD 

[INFO] 03:25:56:089 CPU/(2723:2723): PID: 3 - Instruccion YIELD a ejecutar por parte del Kernel 

[WARNING] 03:25:56:134 CPU/(2723:2723): PID: 2 - Ejecutando SET 

[INFO] 03:25:57:134 CPU/(2723:2723): PID: 2 - Instruccion SET RDX VAMOSALOSPENALES finalizada 

[WARNING] 03:25:57:136 CPU/(2723:2723): PID: 2 - Ejecutando YIELD 

[INFO] 03:25:57:137 CPU/(2723:2723): PID: 2 - Instruccion YIELD a ejecutar por parte del Kernel 

[WARNING] 03:25:57:181 CPU/(2723:2723): PID: 3 - Ejecutando SET 

[INFO] 03:25:58:181 CPU/(2723:2723): PID: 3 - Instruccion SET RDX VAMOSALOSPENALES finalizada 

[WARNING] 03:25:58:182 CPU/(2723:2723): PID: 3 - Ejecutando YIELD 

[INFO] 03:25:58:183 CPU/(2723:2723): PID: 3 - Instruccion YIELD a ejecutar por parte del Kernel 

[WARNING] 03:25:58:225 CPU/(2723:2723): PID: 2 - Ejecutando SET 

[INFO] 03:25:59:226 CPU/(2723:2723): PID: 2 - Instruccion SET RAX ARGENTINACAMPEON finalizada 

[WARNING] 03:25:59:230 CPU/(2723:2723): PID: 2 - Ejecutando EXIT 

[INFO] 03:25:59:232 CPU/(2723:2723): PID: 2 - Instruccion EXIT a ejecutar por parte del Kernel 

[WARNING] 03:25:59:278 CPU/(2723:2723): PID: 3 - Ejecutando SET 

[INFO] 03:26:00:279 CPU/(2723:2723): PID: 3 - Instruccion SET RAX ARGENTINACAMPEON finalizada 

[WARNING] 03:26:00:279 CPU/(2723:2723): PID: 3 - Ejecutando EXIT 

[INFO] 03:26:00:280 CPU/(2723:2723): PID: 3 - Instruccion EXIT a ejecutar por parte del Kernel 

[ERROR] 03:26:17:255 CPU/(2723:2723): El cliente se desconecto. Terminando Servidor 

[INFO] 03:26:27:050 CPU/(2750:2750): Config cargada en config_cpu
[INFO] 03:26:27:053 CPU/(2750:2750): El cliente se conectara a 127.0.0.1:8002 

[INFO] 03:26:27:057 CPU/(2750:2750): Cliente conectado en 127.0.0.1:8002 (a MEMORIA)

[INFO] 03:26:27:058 CPU/(2750:2750): Conexión exitosa con el modulo MEMORIA 

[INFO] 03:26:27:058 CPU/(2750:2750): Escuchando en 127.0.0.1:8001 (CPU)

[INFO] 03:26:27:058 CPU/(2750:2750): Servidor listo para recibir al cliente 

[WARNING] 03:26:34:059 CPU/(2750:2750): PID: 1 - Ejecutando SET 

[INFO] 03:26:35:060 CPU/(2750:2750): PID: 1 - Instruccion SET AX AAAA finalizada 

[WARNING] 03:26:35:062 CPU/(2750:2750): PID: 1 - Ejecutando SET 

[INFO] 03:26:36:065 CPU/(2750:2750): PID: 1 - Instruccion SET BX BBBB finalizada 

[WARNING] 03:26:36:070 CPU/(2750:2750): PID: 1 - Ejecutando SET 

[INFO] 03:26:37:071 CPU/(2750:2750): PID: 1 - Instruccion SET CX CCCC finalizada 

[WARNING] 03:26:37:072 CPU/(2750:2750): PID: 1 - Ejecutando SET 

[INFO] 03:26:38:073 CPU/(2750:2750): PID: 1 - Instruccion SET DX DDDD finalizada 

[WARNING] 03:26:38:075 CPU/(2750:2750): PID: 1 - Ejecutando SET 

[INFO] 03:26:39:077 CPU/(2750:2750): PID: 1 - Instruccion SET EAX AAAAAAAA finalizada 

[WARNING] 03:26:39:077 CPU/(2750:2750): PID: 1 - Ejecutando SET 

[INFO] 03:26:40:078 CPU/(2750:2750): PID: 1 - Instruccion SET EBX BBBBBBBB finalizada 

[WARNING] 03:26:40:082 CPU/(2750:2750): PID: 1 - Ejecutando SET 

[INFO] 03:26:41:082 CPU/(2750:2750): PID: 1 - Instruccion SET ECX CCCCCCCC finalizada 

[WARNING] 03:26:41:085 CPU/(2750:2750): PID: 1 - Ejecutando SET 

[INFO] 03:26:42:086 CPU/(2750:2750): PID: 1 - Instruccion SET EDX DDDDDDDD finalizada 

[WARNING] 03:26:42:087 CPU/(2750:2750): PID: 1 - Ejecutando SET 

[INFO] 03:26:43:088 CPU/(2750:2750): PID: 1 - Instruccion SET RAX AAAAAAAAAAAAAAAA finalizada 

[WARNING] 03:26:43:089 CPU/(2750:2750): PID: 1 - Ejecutando SET 

[INFO] 03:26:44:089 CPU/(2750:2750): PID: 1 - Instruccion SET RBX BBBBBBBBBBBBBBBB finalizada 

[WARNING] 03:26:44:091 CPU/(2750:2750): PID: 1 - Ejecutando SET 

[INFO] 03:26:45:093 CPU/(2750:2750): PID: 1 - Instruccion SET RCX CCCCCCCCCCCCCCCC finalizada 

[WARNING] 03:26:45:097 CPU/(2750:2750): PID: 1 - Ejecutando SET 

[INFO] 03:26:46:098 CPU/(2750:2750): PID: 1 - Instruccion SET RDX DDDDDDDDDDDDDDDD finalizada 

[WARNING] 03:26:46:098 CPU/(2750:2750): PID: 1 - Ejecutando YIELD 

[INFO] 03:26:46:099 CPU/(2750:2750): PID: 1 - Instruccion YIELD a ejecutar por parte del Kernel 

[WARNING] 03:26:46:100 CPU/(2750:2750): PID: 2 - Ejecutando SET 

[INFO] 03:26:47:101 CPU/(2750:2750): PID: 2 - Instruccion SET AX ARG0 finalizada 

[WARNING] 03:26:47:104 CPU/(2750:2750): PID: 2 - Ejecutando SET 

[INFO] 03:26:48:105 CPU/(2750:2750): PID: 2 - Instruccion SET BX FRA0 finalizada 

[WARNING] 03:26:48:106 CPU/(2750:2750): PID: 2 - Ejecutando YIELD 

[INFO] 03:26:48:106 CPU/(2750:2750): PID: 2 - Instruccion YIELD a ejecutar por parte del Kernel 

[WARNING] 03:26:48:149 CPU/(2750:2750): PID: 3 - Ejecutando SET 

[INFO] 03:26:49:150 CPU/(2750:2750): PID: 3 - Instruccion SET AX ARG0 finalizada 

[WARNING] 03:26:49:152 CPU/(2750:2750): PID: 3 - Ejecutando SET 

[INFO] 03:26:50:153 CPU/(2750:2750): PID: 3 - Instruccion SET BX FRA0 finalizada 

[WARNING] 03:26:50:157 CPU/(2750:2750): PID: 3 - Ejecutando YIELD 

[INFO] 03:26:50:157 CPU/(2750:2750): PID: 3 - Instruccion YIELD a ejecutar por parte del Kernel 

[WARNING] 03:26:50:202 CPU/(2750:2750): PID: 1 - Ejecutando SET 

[INFO] 03:26:51:203 CPU/(2750:2750): PID: 1 - Instruccion SET RAX TCHOUAMENIAFUERA finalizada 

[WARNING] 03:26:51:205 CPU/(2750:2750): PID: 1 - Ejecutando SET 

[INFO] 03:26:52:208 CPU/(2750:2750): PID: 1 - Instruccion SET RBX SEGUNDO_FRANCIA_ finalizada 

[WARNING] 03:26:52:211 CPU/(2750:2750): PID: 1 - Ejecutando EXIT 

[INFO] 03:26:52:211 CPU/(2750:2750): PID: 1 - Instruccion EXIT a ejecutar por parte del Kernel 

[WARNING] 03:26:52:257 CPU/(2750:2750): PID: 2 - Ejecutando SET 

[INFO] 03:26:53:258 CPU/(2750:2750): PID: 2 - Instruccion SET AX ARG1 finalizada 

[WARNING] 03:26:53:259 CPU/(2750:2750): PID: 2 - Ejecutando SET 

[INFO] 03:26:54:260 CPU/(2750:2750): PID: 2 - Instruccion SET BX FRA0 finalizada 

[WARNING] 03:26:54:262 CPU/(2750:2750): PID: 2 - Ejecutando YIELD 

[INFO] 03:26:54:262 CPU/(2750:2750): PID: 2 - Instruccion YIELD a ejecutar por parte del Kernel 

[WARNING] 03:26:54:307 CPU/(2750:2750): PID: 3 - Ejecutando SET 

[INFO] 03:26:55:308 CPU/(2750:2750): PID: 3 - Instruccion SET AX ARG1 finalizada 

[WARNING] 03:26:55:309 CPU/(2750:2750): PID: 3 - Ejecutando SET 

[INFO] 03:26:56:310 CPU/(2750:2750): PID: 3 - Instruccion SET BX FRA0 finalizada 

[WARNING] 03:26:56:310 CPU/(2750:2750): PID: 3 - Ejecutando YIELD 

[INFO] 03:26:56:311 CPU/(2750:2750): PID: 3 - Instruccion YIELD a ejecutar por parte del Kernel 

[WARNING] 03:26:56:362 CPU/(2750:2750): PID: 2 - Ejecutando SET 

[INFO] 03:26:57:363 CPU/(2750:2750): PID: 2 - Instruccion SET AX ARG2 finalizada 

[WARNING] 03:26:57:364 CPU/(2750:2750): PID: 2 - Ejecutando SET 

[INFO] 03:26:58:365 CPU/(2750:2750): PID: 2 - Instruccion SET BX FRA0 finalizada 

[WARNING] 03:26:58:366 CPU/(2750:2750): PID: 2 - Ejecutando YIELD 

[INFO] 03:26:58:367 CPU/(2750:2750): PID: 2 - Instruccion YIELD a ejecutar por parte del Kernel 

[WARNING] 03:26:58:408 CPU/(2750:2750): PID: 3 - Ejecutando SET 

[INFO] 03:26:59:409 CPU/(2750:2750): PID: 3 - Instruccion SET AX ARG2 finalizada 

[WARNING] 03:26:59:409 CPU/(2750:2750): PID: 3 - Ejecutando SET 

[INFO] 03:27:00:410 CPU/(2750:2750): PID: 3 - Instruccion SET BX FRA0 finalizada 

[WARNING] 03:27:00:414 CPU/(2750:2750): PID: 3 - Ejecutando YIELD 

[INFO] 03:27:00:415 CPU/(2750:2750): PID: 3 - Instruccion YIELD a ejecutar por parte del Kernel 

[WARNING] 03:27:00:457 CPU/(2750:2750): PID: 2 - Ejecutando SET 

[INFO] 03:27:01:458 CPU/(2750:2750): PID: 2 - Instruccion SET AX ARG2 finalizada 

[WARNING] 03:27:01:459 CPU/(2750:2750): PID: 2 - Ejecutando SET 

[INFO] 03:27:02:460 CPU/(2750:2750): PID: 2 - Instruccion SET BX FRA1 finalizada 

[WARNING] 03:27:02:462 CPU/(2750:2750): PID: 2 - Ejecutando YIELD 

[INFO] 03:27:02:462 CPU/(2750:2750): PID: 2 - Instruccion YIELD a ejecutar por parte del Kernel 

[WARNING] 03:27:02:505 CPU/(2750:2750): PID: 3 - Ejecutando SET 

[INFO] 03:27:03:505 CPU/(2750:2750): PID: 3 - Instruccion SET AX ARG2 finalizada 

[WARNING] 03:27:03:507 CPU/(2750:2750): PID: 3 - Ejecutando SET 

[INFO] 03:27:04:508 CPU/(2750:2750): PID: 3 - Instruccion SET BX FRA1 finalizada 

[WARNING] 03:27:04:509 CPU/(2750:2750): PID: 3 - Ejecutando YIELD 

[INFO] 03:27:04:509 CPU/(2750:2750): PID: 3 - Instruccion YIELD a ejecutar por parte del Kernel 

[WARNING] 03:27:04:552 CPU/(2750:2750): PID: 2 - Ejecutando SET 

[INFO] 03:27:05:553 CPU/(2750:2750): PID: 2 - Instruccion SET AX ARG2 finalizada 

[WARNING] 03:27:05:556 CPU/(2750:2750): PID: 2 - Ejecutando SET 

[INFO] 03:27:06:557 CPU/(2750:2750): PID: 2 - Instruccion SET BX FRA2 finalizada 

[WARNING] 03:27:06:558 CPU/(2750:2750): PID: 2 - Ejecutando YIELD 

[INFO] 03:27:06:558 CPU/(2750:2750): PID: 2 - Instruccion YIELD a ejecutar por parte del Kernel 

[WARNING] 03:27:06:600 CPU/(2750:2750): PID: 3 - Ejecutando SET 

[INFO] 03:27:07:601 CPU/(2750:2750): PID: 3 - Instruccion SET AX ARG2 finalizada 

[WARNING] 03:27:07:603 CPU/(2750:2750): PID: 3 - Ejecutando SET 

[INFO] 03:27:08:605 CPU/(2750:2750): PID: 3 - Instruccion SET BX FRA2 finalizada 

[WARNING] 03:27:08:607 CPU/(2750:2750): PID: 3 - Ejecutando YIELD 

[INFO] 03:27:08:607 CPU/(2750:2750): PID: 3 - Instruccion YIELD a ejecutar por parte del Kernel 

[WARNING] 03:27:08:657 CPU/(2750:2750): PID: 2 - Ejecutando SET 

[INFO] 03:27:09:657 CPU/(2750:2750): PID: 2 - Instruccion SET AX ARG3 finalizada 

[WARNING] 03:27:09:658 CPU/(2750:2750): PID: 2 - Ejecutando SET 

[INFO] 03:27:10:658 CPU/(2750:2750): PID: 2 - Instruccion SET BX FRA2 finalizada 

[WARNING] 03:27:10:664 CPU/(2750:2750): PID: 2 - Ejecutando YIELD 

[INFO] 03:27:10:665 CPU/(2750:2750): PID: 2 - Instruccion YIELD a ejecutar por parte del Kernel 

[WARNING] 03:27:10:709 CPU/(2750:2750): PID: 3 - Ejecutando SET 

[INFO] 03:27:11:709 CPU/(2750:2750): PID: 3 - Instruccion SET AX ARG3 finalizada 

[WARNING] 03:27:11:711 CPU/(2750:2750): PID: 3 - Ejecutando SET 

[INFO] 03:27:12:712 CPU/(2750:2750): PID: 3 - Instruccion SET BX FRA2 finalizada 

[WARNING] 03:27:12:712 CPU/(2750:2750): PID: 3 - Ejecutando YIELD 

[INFO] 03:27:12:713 CPU/(2750:2750): PID: 3 - Instruccion YIELD a ejecutar por parte del Kernel 

[WARNING] 03:27:12:757 CPU/(2750:2750): PID: 2 - Ejecutando SET 

[INFO] 03:27:13:758 CPU/(2750:2750): PID: 2 - Instruccion SET AX ARG3 finalizada 

[WARNING] 03:27:13:759 CPU/(2750:2750): PID: 2 - Ejecutando SET 

[INFO] 03:27:14:760 CPU/(2750:2750): PID: 2 - Instruccion SET BX FRA3 finalizada 

[WARNING] 03:27:14:762 CPU/(2750:2750): PID: 2 - Ejecutando YIELD 

[INFO] 03:27:14:762 CPU/(2750:2750): PID: 2 - Instruccion YIELD a ejecutar por parte del Kernel 

[WARNING] 03:27:14:805 CPU/(2750:2750): PID: 3 - Ejecutando SET 

[INFO] 03:27:15:805 CPU/(2750:2750): PID: 3 - Instruccion SET AX ARG3 finalizada 

[WARNING] 03:27:15:811 CPU/(2750:2750): PID: 3 - Ejecutando SET 

[INFO] 03:27:16:812 CPU/(2750:2750): PID: 3 - Instruccion SET BX FRA3 finalizada 

[WARNING] 03:27:16:812 CPU/(2750:2750): PID: 3 - Ejecutando YIELD 

[INFO] 03:27:16:813 CPU/(2750:2750): PID: 3 - Instruccion YIELD a ejecutar por parte del Kernel 

[WARNING] 03:27:16:857 CPU/(2750:2750): PID: 2 - Ejecutando SET 

[INFO] 03:27:17:857 CPU/(2750:2750): PID: 2 - Instruccion SET RDX VAMOSALOSPENALES finalizada 

[WARNING] 03:27:17:858 CPU/(2750:2750): PID: 2 - Ejecutando YIELD 

[INFO] 03:27:17:858 CPU/(2750:2750): PID: 2 - Instruccion YIELD a ejecutar por parte del Kernel 

[WARNING] 03:27:17:901 CPU/(2750:2750): PID: 3 - Ejecutando SET 

[INFO] 03:27:18:901 CPU/(2750:2750): PID: 3 - Instruccion SET RDX VAMOSALOSPENALES finalizada 

[WARNING] 03:27:18:902 CPU/(2750:2750): PID: 3 - Ejecutando YIELD 

[INFO] 03:27:18:903 CPU/(2750:2750): PID: 3 - Instruccion YIELD a ejecutar por parte del Kernel 

[WARNING] 03:27:18:945 CPU/(2750:2750): PID: 2 - Ejecutando SET 

[INFO] 03:27:19:946 CPU/(2750:2750): PID: 2 - Instruccion SET RAX ARGENTINACAMPEON finalizada 

[WARNING] 03:27:19:947 CPU/(2750:2750): PID: 2 - Ejecutando EXIT 

[INFO] 03:27:19:947 CPU/(2750:2750): PID: 2 - Instruccion EXIT a ejecutar por parte del Kernel 

[WARNING] 03:27:19:990 CPU/(2750:2750): PID: 3 - Ejecutando SET 

[INFO] 03:27:20:991 CPU/(2750:2750): PID: 3 - Instruccion SET RAX ARGENTINACAMPEON finalizada 

[WARNING] 03:27:20:997 CPU/(2750:2750): PID: 3 - Ejecutando EXIT 

[INFO] 03:27:20:999 CPU/(2750:2750): PID: 3 - Instruccion EXIT a ejecutar por parte del Kernel 

[ERROR] 03:27:26:092 CPU/(2750:2750): El cliente se desconecto. Terminando Servidor 

[INFO] 03:28:09:008 CPU/(2771:2771): Config cargada en config_cpu
[INFO] 03:28:09:013 CPU/(2771:2771): El cliente se conectara a 127.0.0.1:8002 

[INFO] 03:28:09:016 CPU/(2771:2771): Cliente conectado en 127.0.0.1:8002 (a MEMORIA)

[INFO] 03:28:09:017 CPU/(2771:2771): Conexión exitosa con el modulo MEMORIA 

[INFO] 03:28:09:017 CPU/(2771:2771): Escuchando en 127.0.0.1:8001 (CPU)

[INFO] 03:28:09:018 CPU/(2771:2771): Servidor listo para recibir al cliente 

[WARNING] 03:28:16:931 CPU/(2771:2771): PID: 1 - Ejecutando SET 

[INFO] 03:28:17:931 CPU/(2771:2771): PID: 1 - Instruccion SET AX AAAA finalizada 

[WARNING] 03:28:17:931 CPU/(2771:2771): PID: 1 - Ejecutando SET 

[INFO] 03:28:18:932 CPU/(2771:2771): PID: 1 - Instruccion SET BX BBBB finalizada 

[WARNING] 03:28:18:934 CPU/(2771:2771): PID: 1 - Ejecutando SET 

[INFO] 03:28:19:935 CPU/(2771:2771): PID: 1 - Instruccion SET CX CCCC finalizada 

[WARNING] 03:28:19:936 CPU/(2771:2771): PID: 1 - Ejecutando SET 

[INFO] 03:28:20:936 CPU/(2771:2771): PID: 1 - Instruccion SET DX DDDD finalizada 

[WARNING] 03:28:20:938 CPU/(2771:2771): PID: 1 - Ejecutando SET 

[INFO] 03:28:21:939 CPU/(2771:2771): PID: 1 - Instruccion SET EAX AAAAAAAA finalizada 

[WARNING] 03:28:21:941 CPU/(2771:2771): PID: 1 - Ejecutando SET 

[INFO] 03:28:22:942 CPU/(2771:2771): PID: 1 - Instruccion SET EBX BBBBBBBB finalizada 

[WARNING] 03:28:22:943 CPU/(2771:2771): PID: 1 - Ejecutando SET 

[INFO] 03:28:23:945 CPU/(2771:2771): PID: 1 - Instruccion SET ECX CCCCCCCC finalizada 

[WARNING] 03:28:23:946 CPU/(2771:2771): PID: 1 - Ejecutando SET 

[INFO] 03:28:24:946 CPU/(2771:2771): PID: 1 - Instruccion SET EDX DDDDDDDD finalizada 

[WARNING] 03:28:24:947 CPU/(2771:2771): PID: 1 - Ejecutando SET 

[INFO] 03:28:25:949 CPU/(2771:2771): PID: 1 - Instruccion SET RAX AAAAAAAAAAAAAAAA finalizada 

[WARNING] 03:28:25:950 CPU/(2771:2771): PID: 1 - Ejecutando SET 

[INFO] 03:28:26:950 CPU/(2771:2771): PID: 1 - Instruccion SET RBX BBBBBBBBBBBBBBBB finalizada 

[WARNING] 03:28:26:953 CPU/(2771:2771): PID: 1 - Ejecutando SET 

[INFO] 03:28:27:954 CPU/(2771:2771): PID: 1 - Instruccion SET RCX CCCCCCCCCCCCCCCC finalizada 

[WARNING] 03:28:27:954 CPU/(2771:2771): PID: 1 - Ejecutando SET 

[INFO] 03:28:28:955 CPU/(2771:2771): PID: 1 - Instruccion SET RDX DDDDDDDDDDDDDDDD finalizada 

[WARNING] 03:28:28:956 CPU/(2771:2771): PID: 1 - Ejecutando YIELD 

[INFO] 03:28:28:956 CPU/(2771:2771): PID: 1 - Instruccion YIELD a ejecutar por parte del Kernel 

[WARNING] 03:28:28:960 CPU/(2771:2771): PID: 2 - Ejecutando SET 

[INFO] 03:28:29:961 CPU/(2771:2771): PID: 2 - Instruccion SET AX ARG0 finalizada 

[WARNING] 03:28:29:962 CPU/(2771:2771): PID: 2 - Ejecutando SET 

[INFO] 03:28:30:963 CPU/(2771:2771): PID: 2 - Instruccion SET BX FRA0 finalizada 

[WARNING] 03:28:30:967 CPU/(2771:2771): PID: 2 - Ejecutando YIELD 

[INFO] 03:28:30:967 CPU/(2771:2771): PID: 2 - Instruccion YIELD a ejecutar por parte del Kernel 

[WARNING] 03:28:31:016 CPU/(2771:2771): PID: 3 - Ejecutando SET 

[INFO] 03:28:32:016 CPU/(2771:2771): PID: 3 - Instruccion SET AX ARG0 finalizada 

[WARNING] 03:28:32:018 CPU/(2771:2771): PID: 3 - Ejecutando SET 

[INFO] 03:28:33:019 CPU/(2771:2771): PID: 3 - Instruccion SET BX FRA0 finalizada 

[WARNING] 03:28:33:021 CPU/(2771:2771): PID: 3 - Ejecutando YIELD 

[INFO] 03:28:33:022 CPU/(2771:2771): PID: 3 - Instruccion YIELD a ejecutar por parte del Kernel 

[WARNING] 03:28:33:065 CPU/(2771:2771): PID: 2 - Ejecutando SET 

[INFO] 03:28:34:066 CPU/(2771:2771): PID: 2 - Instruccion SET AX ARG1 finalizada 

[WARNING] 03:28:34:067 CPU/(2771:2771): PID: 2 - Ejecutando SET 

[INFO] 03:28:35:067 CPU/(2771:2771): PID: 2 - Instruccion SET BX FRA0 finalizada 

[WARNING] 03:28:35:069 CPU/(2771:2771): PID: 2 - Ejecutando YIELD 

[INFO] 03:28:35:070 CPU/(2771:2771): PID: 2 - Instruccion YIELD a ejecutar por parte del Kernel 

[WARNING] 03:28:35:112 CPU/(2771:2771): PID: 3 - Ejecutando SET 

[INFO] 03:28:36:113 CPU/(2771:2771): PID: 3 - Instruccion SET AX ARG1 finalizada 

[WARNING] 03:28:36:115 CPU/(2771:2771): PID: 3 - Ejecutando SET 

[INFO] 03:28:37:116 CPU/(2771:2771): PID: 3 - Instruccion SET BX FRA0 finalizada 

[WARNING] 03:28:37:117 CPU/(2771:2771): PID: 3 - Ejecutando YIELD 

[INFO] 03:28:37:118 CPU/(2771:2771): PID: 3 - Instruccion YIELD a ejecutar por parte del Kernel 

[WARNING] 03:28:37:163 CPU/(2771:2771): PID: 1 - Ejecutando SET 

[INFO] 03:28:38:163 CPU/(2771:2771): PID: 1 - Instruccion SET RAX TCHOUAMENIAFUERA finalizada 

[WARNING] 03:28:38:164 CPU/(2771:2771): PID: 1 - Ejecutando SET 

[INFO] 03:28:39:165 CPU/(2771:2771): PID: 1 - Instruccion SET RBX SEGUNDO_FRANCIA_ finalizada 

[WARNING] 03:28:39:167 CPU/(2771:2771): PID: 1 - Ejecutando EXIT 

[INFO] 03:28:39:167 CPU/(2771:2771): PID: 1 - Instruccion EXIT a ejecutar por parte del Kernel 

[WARNING] 03:28:39:213 CPU/(2771:2771): PID: 2 - Ejecutando SET 

[INFO] 03:28:40:216 CPU/(2771:2771): PID: 2 - Instruccion SET AX ARG2 finalizada 

[WARNING] 03:28:40:218 CPU/(2771:2771): PID: 2 - Ejecutando SET 

[INFO] 03:28:41:219 CPU/(2771:2771): PID: 2 - Instruccion SET BX FRA0 finalizada 

[WARNING] 03:28:41:223 CPU/(2771:2771): PID: 2 - Ejecutando YIELD 

[INFO] 03:28:41:223 CPU/(2771:2771): PID: 2 - Instruccion YIELD a ejecutar por parte del Kernel 

[WARNING] 03:28:41:269 CPU/(2771:2771): PID: 3 - Ejecutando SET 

[INFO] 03:28:42:270 CPU/(2771:2771): PID: 3 - Instruccion SET AX ARG2 finalizada 

[WARNING] 03:28:42:271 CPU/(2771:2771): PID: 3 - Ejecutando SET 

[INFO] 03:28:43:271 CPU/(2771:2771): PID: 3 - Instruccion SET BX FRA0 finalizada 

[WARNING] 03:28:43:272 CPU/(2771:2771): PID: 3 - Ejecutando YIELD 

[INFO] 03:28:43:272 CPU/(2771:2771): PID: 3 - Instruccion YIELD a ejecutar por parte del Kernel 

[WARNING] 03:28:43:316 CPU/(2771:2771): PID: 2 - Ejecutando SET 

[INFO] 03:28:44:317 CPU/(2771:2771): PID: 2 - Instruccion SET AX ARG2 finalizada 

[WARNING] 03:28:44:318 CPU/(2771:2771): PID: 2 - Ejecutando SET 

[INFO] 03:28:45:319 CPU/(2771:2771): PID: 2 - Instruccion SET BX FRA1 finalizada 

[WARNING] 03:28:45:321 CPU/(2771:2771): PID: 2 - Ejecutando YIELD 

[INFO] 03:28:45:322 CPU/(2771:2771): PID: 2 - Instruccion YIELD a ejecutar por parte del Kernel 

[WARNING] 03:28:45:373 CPU/(2771:2771): PID: 3 - Ejecutando SET 

[INFO] 03:28:46:373 CPU/(2771:2771): PID: 3 - Instruccion SET AX ARG2 finalizada 

[WARNING] 03:28:46:377 CPU/(2771:2771): PID: 3 - Ejecutando SET 

[INFO] 03:28:47:378 CPU/(2771:2771): PID: 3 - Instruccion SET BX FRA1 finalizada 

[WARNING] 03:28:47:379 CPU/(2771:2771): PID: 3 - Ejecutando YIELD 

[INFO] 03:28:47:379 CPU/(2771:2771): PID: 3 - Instruccion YIELD a ejecutar por parte del Kernel 

[WARNING] 03:28:47:421 CPU/(2771:2771): PID: 2 - Ejecutando SET 

[INFO] 03:28:48:422 CPU/(2771:2771): PID: 2 - Instruccion SET AX ARG2 finalizada 

[WARNING] 03:28:48:423 CPU/(2771:2771): PID: 2 - Ejecutando SET 

[INFO] 03:28:49:425 CPU/(2771:2771): PID: 2 - Instruccion SET BX FRA2 finalizada 

[WARNING] 03:28:49:426 CPU/(2771:2771): PID: 2 - Ejecutando YIELD 

[INFO] 03:28:49:426 CPU/(2771:2771): PID: 2 - Instruccion YIELD a ejecutar por parte del Kernel 

[WARNING] 03:28:49:469 CPU/(2771:2771): PID: 3 - Ejecutando SET 

[INFO] 03:28:50:469 CPU/(2771:2771): PID: 3 - Instruccion SET AX ARG2 finalizada 

[WARNING] 03:28:50:471 CPU/(2771:2771): PID: 3 - Ejecutando SET 

[INFO] 03:28:51:474 CPU/(2771:2771): PID: 3 - Instruccion SET BX FRA2 finalizada 

[WARNING] 03:28:51:479 CPU/(2771:2771): PID: 3 - Ejecutando YIELD 

[INFO] 03:28:51:479 CPU/(2771:2771): PID: 3 - Instruccion YIELD a ejecutar por parte del Kernel 

[WARNING] 03:28:51:525 CPU/(2771:2771): PID: 2 - Ejecutando SET 

[INFO] 03:28:52:526 CPU/(2771:2771): PID: 2 - Instruccion SET AX ARG3 finalizada 

[WARNING] 03:28:52:527 CPU/(2771:2771): PID: 2 - Ejecutando SET 

[INFO] 03:28:53:527 CPU/(2771:2771): PID: 2 - Instruccion SET BX FRA2 finalizada 

[WARNING] 03:28:53:528 CPU/(2771:2771): PID: 2 - Ejecutando YIELD 

[INFO] 03:28:53:528 CPU/(2771:2771): PID: 2 - Instruccion YIELD a ejecutar por parte del Kernel 

[WARNING] 03:28:53:573 CPU/(2771:2771): PID: 3 - Ejecutando SET 

[INFO] 03:28:54:573 CPU/(2771:2771): PID: 3 - Instruccion SET AX ARG3 finalizada 

[WARNING] 03:28:54:575 CPU/(2771:2771): PID: 3 - Ejecutando SET 

[INFO] 03:28:55:576 CPU/(2771:2771): PID: 3 - Instruccion SET BX FRA2 finalizada 

[WARNING] 03:28:55:576 CPU/(2771:2771): PID: 3 - Ejecutando YIELD 

[INFO] 03:28:55:577 CPU/(2771:2771): PID: 3 - Instruccion YIELD a ejecutar por parte del Kernel 

[WARNING] 03:28:55:621 CPU/(2771:2771): PID: 2 - Ejecutando SET 

[INFO] 03:28:56:621 CPU/(2771:2771): PID: 2 - Instruccion SET AX ARG3 finalizada 

[WARNING] 03:28:56:626 CPU/(2771:2771): PID: 2 - Ejecutando SET 

[INFO] 03:28:57:629 CPU/(2771:2771): PID: 2 - Instruccion SET BX FRA3 finalizada 

[WARNING] 03:28:57:630 CPU/(2771:2771): PID: 2 - Ejecutando YIELD 

[INFO] 03:28:57:631 CPU/(2771:2771): PID: 2 - Instruccion YIELD a ejecutar por parte del Kernel 

[WARNING] 03:28:57:673 CPU/(2771:2771): PID: 3 - Ejecutando SET 

[INFO] 03:28:58:673 CPU/(2771:2771): PID: 3 - Instruccion SET AX ARG3 finalizada 

[WARNING] 03:28:58:675 CPU/(2771:2771): PID: 3 - Ejecutando SET 

[INFO] 03:28:59:675 CPU/(2771:2771): PID: 3 - Instruccion SET BX FRA3 finalizada 

[WARNING] 03:28:59:677 CPU/(2771:2771): PID: 3 - Ejecutando YIELD 

[INFO] 03:28:59:678 CPU/(2771:2771): PID: 3 - Instruccion YIELD a ejecutar por parte del Kernel 

[WARNING] 03:28:59:720 CPU/(2771:2771): PID: 2 - Ejecutando SET 

[INFO] 03:29:00:721 CPU/(2771:2771): PID: 2 - Instruccion SET RDX VAMOSALOSPENALES finalizada 

[WARNING] 03:29:00:722 CPU/(2771:2771): PID: 2 - Ejecutando YIELD 

[INFO] 03:29:00:722 CPU/(2771:2771): PID: 2 - Instruccion YIELD a ejecutar por parte del Kernel 

[WARNING] 03:29:00:766 CPU/(2771:2771): PID: 3 - Ejecutando SET 

[INFO] 03:29:01:766 CPU/(2771:2771): PID: 3 - Instruccion SET RDX VAMOSALOSPENALES finalizada 

[WARNING] 03:29:01:768 CPU/(2771:2771): PID: 3 - Ejecutando YIELD 

[INFO] 03:29:01:768 CPU/(2771:2771): PID: 3 - Instruccion YIELD a ejecutar por parte del Kernel 

[WARNING] 03:29:01:813 CPU/(2771:2771): PID: 2 - Ejecutando SET 

[INFO] 03:29:02:813 CPU/(2771:2771): PID: 2 - Instruccion SET RAX ARGENTINACAMPEON finalizada 

[WARNING] 03:29:02:815 CPU/(2771:2771): PID: 2 - Ejecutando EXIT 

[INFO] 03:29:02:816 CPU/(2771:2771): PID: 2 - Instruccion EXIT a ejecutar por parte del Kernel 

[WARNING] 03:29:02:863 CPU/(2771:2771): PID: 3 - Ejecutando SET 

[INFO] 03:29:03:867 CPU/(2771:2771): PID: 3 - Instruccion SET RAX ARGENTINACAMPEON finalizada 

[WARNING] 03:29:03:869 CPU/(2771:2771): PID: 3 - Ejecutando EXIT 

[INFO] 03:29:03:869 CPU/(2771:2771): PID: 3 - Instruccion EXIT a ejecutar por parte del Kernel 

[ERROR] 03:29:07:376 CPU/(2771:2771): El cliente se desconecto. Terminando Servidor 

[INFO] 03:29:49:803 CPU/(2794:2794): Config cargada en config_cpu
[INFO] 03:29:49:809 CPU/(2794:2794): El cliente se conectara a 127.0.0.1:8002 

[INFO] 03:29:49:809 CPU/(2794:2794): Cliente conectado en 127.0.0.1:8002 (a MEMORIA)

[INFO] 03:29:49:810 CPU/(2794:2794): Conexión exitosa con el modulo MEMORIA 

[INFO] 03:29:49:811 CPU/(2794:2794): Escuchando en 127.0.0.1:8001 (CPU)

[INFO] 03:29:49:814 CPU/(2794:2794): Servidor listo para recibir al cliente 

[WARNING] 03:29:57:527 CPU/(2794:2794): PID: 1 - Ejecutando WAIT 

[INFO] 03:29:57:527 CPU/(2794:2794): PID: 1 - Instruccion WAIT DISCO a ejecutar por parte del Kernel 

[WARNING] 03:29:57:528 CPU/(2794:2794): PID: 1 - Ejecutando I/O 

[INFO] 03:29:57:528 CPU/(2794:2794): PID: 1 - Instruccion I/O 10 a ejecutar por parte del Kernel 

[WARNING] 03:29:58:527 CPU/(2794:2794): PID: 2 - Ejecutando WAIT 

[INFO] 03:29:58:527 CPU/(2794:2794): PID: 2 - Instruccion WAIT IMPRESORA a ejecutar por parte del Kernel 

[WARNING] 03:29:58:527 CPU/(2794:2794): PID: 2 - Ejecutando I/O 

[INFO] 03:29:58:528 CPU/(2794:2794): PID: 2 - Instruccion I/O 10 a ejecutar por parte del Kernel 

[WARNING] 03:29:59:544 CPU/(2794:2794): PID: 3 - Ejecutando WAIT 

[INFO] 03:29:59:544 CPU/(2794:2794): PID: 3 - Instruccion WAIT SCANNER a ejecutar por parte del Kernel 

[WARNING] 03:29:59:547 CPU/(2794:2794): PID: 3 - Ejecutando I/O 

[INFO] 03:29:59:547 CPU/(2794:2794): PID: 3 - Instruccion I/O 10 a ejecutar por parte del Kernel 

[WARNING] 03:30:07:576 CPU/(2794:2794): PID: 1 - Ejecutando WAIT 

[INFO] 03:30:07:576 CPU/(2794:2794): PID: 1 - Instruccion WAIT IMPRESORA a ejecutar por parte del Kernel 

[WARNING] 03:30:08:575 CPU/(2794:2794): PID: 2 - Ejecutando WAIT 

[INFO] 03:30:08:575 CPU/(2794:2794): PID: 2 - Instruccion WAIT SCANNER a ejecutar por parte del Kernel 

[WARNING] 03:30:09:595 CPU/(2794:2794): PID: 3 - Ejecutando WAIT 

[INFO] 03:30:09:595 CPU/(2794:2794): PID: 3 - Instruccion WAIT DISCO a ejecutar por parte del Kernel 

[ERROR] 03:31:00:013 CPU/(2794:2794): El cliente se desconecto. Terminando Servidor 

[INFO] 03:31:33:030 CPU/(2852:2852): Config cargada en config_cpu
[INFO] 03:31:33:032 CPU/(2852:2852): El cliente se conectara a 127.0.0.1:8002 

[INFO] 03:31:33:032 CPU/(2852:2852): Cliente conectado en 127.0.0.1:8002 (a MEMORIA)

[INFO] 03:31:33:033 CPU/(2852:2852): Conexión exitosa con el modulo MEMORIA 

[INFO] 03:31:33:033 CPU/(2852:2852): Escuchando en 127.0.0.1:8001 (CPU)

[INFO] 03:31:33:034 CPU/(2852:2852): Servidor listo para recibir al cliente 

[WARNING] 03:31:43:077 CPU/(2852:2852): PID: 1 - Ejecutando SET 

[INFO] 03:31:44:077 CPU/(2852:2852): PID: 1 - Instruccion SET AX HOLA finalizada 

[WARNING] 03:31:44:078 CPU/(2852:2852): PID: 1 - Ejecutando WAIT 

[INFO] 03:31:44:078 CPU/(2852:2852): PID: 1 - Instruccion WAIT LA_TERCERA_DE_FRANCIA a ejecutar por parte del Kernel 

[WARNING] 03:31:44:109 CPU/(2852:2852): PID: 2 - Ejecutando SET 

[INFO] 03:31:45:110 CPU/(2852:2852): PID: 2 - Instruccion SET AX HOLA finalizada 

[WARNING] 03:31:45:111 CPU/(2852:2852): PID: 2 - Ejecutando SIGNAL 

[INFO] 03:31:45:111 CPU/(2852:2852): PID: 2 - Instruccion SIGNAL EL_CUARTO_DE_FRANCIA a ejecutar por parte del Kernel 

[WARNING] 03:31:45:153 CPU/(2852:2852): PID: 3 - Ejecutando SET 

[INFO] 03:31:46:155 CPU/(2852:2852): PID: 3 - Instruccion SET AX HOLA finalizada 

[WARNING] 03:31:46:157 CPU/(2852:2852): PID: 3 - Ejecutando SET 

[INFO] 03:31:47:158 CPU/(2852:2852): PID: 3 - Instruccion SET RAX MappaLlegaEl2c23 finalizada 

[WARNING] 03:31:47:161 CPU/(2852:2852): PID: 3 - Ejecutando MOV_OUT 

[WARNING] 03:31:47:162 CPU/(2852:2852): PID: 3 - Accion: ESCRIBIR - Segmento: 0 - Direccion fisica: 124 - Valor escrito: HOLA
[INFO] 03:31:48:164 CPU/(2852:2852): Escritura en memoria exitosa 

[INFO] 03:31:48:164 CPU/(2852:2852): PID: 3 - Instruccion MOV_OUT 124 AX finalizada 

[WARNING] 03:31:48:165 CPU/(2852:2852): PID: 3 - Ejecutando MOV_IN 

[WARNING] 03:31:49:168 CPU/(2852:2852): PID: 3 - Accion: LEER - Segmento: 0 - Direccion fisica: 124 - Valor leido: HOLA
[INFO] 03:31:49:169 CPU/(2852:2852): PID: 3 - Instruccion MOV_IN BX 124 finalizada 

[WARNING] 03:31:49:169 CPU/(2852:2852): PID: 3 - Ejecutando MOV_OUT 

[ERROR] 03:31:49:169 CPU/(2852:2852): 3 - Error SEG_FAULT- Segmento: 0 - Offset: 120 - Tamanio: 128
[INFO] 03:31:49:170 CPU/(2852:2852): PID: 3 - Instruccion MOV_OUT 120 RAX ha producido un SEG_FAULT, desalojando proceso... 

[WARNING] 03:31:49:213 CPU/(2852:2852): PID: 4 - Ejecutando CREATE_SEGMENT 

[INFO] 03:31:49:214 CPU/(2852:2852): PID: 4 - Instruccion CREATE_SEGMENT 1 256 a ejecutar por parte del Kernel 

[WARNING] 03:31:49:257 CPU/(2852:2852): PID: 4 - Ejecutando CREATE_SEGMENT 

[INFO] 03:31:49:257 CPU/(2852:2852): PID: 4 - Instruccion CREATE_SEGMENT 2 256 a ejecutar por parte del Kernel 

[WARNING] 03:31:49:301 CPU/(2852:2852): PID: 4 - Ejecutando CREATE_SEGMENT 

[INFO] 03:31:49:301 CPU/(2852:2852): PID: 4 - Instruccion CREATE_SEGMENT 3 256 a ejecutar por parte del Kernel 

[WARNING] 03:31:49:345 CPU/(2852:2852): PID: 4 - Ejecutando CREATE_SEGMENT 

[INFO] 03:31:49:345 CPU/(2852:2852): PID: 4 - Instruccion CREATE_SEGMENT 4 256 a ejecutar por parte del Kernel 

[ERROR] 03:32:00:768 CPU/(2852:2852): El cliente se desconecto. Terminando Servidor 

[INFO] 03:32:59:863 CPU/(2891:2891): Config cargada en config_cpu
[INFO] 03:32:59:864 CPU/(2891:2891): El cliente se conectara a 127.0.0.1:8002 

[INFO] 03:32:59:865 CPU/(2891:2891): Cliente conectado en 127.0.0.1:8002 (a MEMORIA)

[INFO] 03:32:59:866 CPU/(2891:2891): Conexión exitosa con el modulo MEMORIA 

[INFO] 03:32:59:867 CPU/(2891:2891): Escuchando en 127.0.0.1:8001 (CPU)

[INFO] 03:32:59:868 CPU/(2891:2891): Servidor listo para recibir al cliente 

[WARNING] 03:33:06:939 CPU/(2891:2891): PID: 1 - Ejecutando WAIT 

[INFO] 03:33:06:939 CPU/(2891:2891): PID: 1 - Instruccion WAIT RA a ejecutar por parte del Kernel 

[WARNING] 03:33:06:941 CPU/(2891:2891): PID: 1 - Ejecutando SET 

[INFO] 03:33:07:941 CPU/(2891:2891): PID: 1 - Instruccion SET RAX SonicTheHedgehog finalizada 

[WARNING] 03:33:07:943 CPU/(2891:2891): PID: 1 - Ejecutando MOV_OUT 

[WARNING] 03:33:07:944 CPU/(2891:2891): PID: 1 - Accion: ESCRIBIR - Segmento: 0 - Direccion fisica: 0 - Valor escrito: SonicTheHedgehog
[INFO] 03:33:08:947 CPU/(2891:2891): Escritura en memoria exitosa 

[INFO] 03:33:08:948 CPU/(2891:2891): PID: 1 - Instruccion MOV_OUT 0 RAX finalizada 

[WARNING] 03:33:08:951 CPU/(2891:2891): PID: 1 - Ejecutando SET 

[INFO] 03:33:09:953 CPU/(2891:2891): PID: 1 - Instruccion SET RBX SonyPlaystation1 finalizada 

[WARNING] 03:33:09:954 CPU/(2891:2891): PID: 1 - Ejecutando MOV_OUT 

[WARNING] 03:33:09:955 CPU/(2891:2891): PID: 1 - Accion: ESCRIBIR - Segmento: 0 - Direccion fisica: 32 - Valor escrito: SonyPlaystation1
[INFO] 03:33:10:956 CPU/(2891:2891): Escritura en memoria exitosa 

[INFO] 03:33:10:956 CPU/(2891:2891): PID: 1 - Instruccion MOV_OUT 32 RBX finalizada 

[WARNING] 03:33:10:956 CPU/(2891:2891): PID: 1 - Ejecutando SET 

[INFO] 03:33:11:957 CPU/(2891:2891): PID: 1 - Instruccion SET RBX SonyPlaystation2 finalizada 

[WARNING] 03:33:11:959 CPU/(2891:2891): PID: 1 - Ejecutando MOV_OUT 

[WARNING] 03:33:11:960 CPU/(2891:2891): PID: 1 - Accion: ESCRIBIR - Segmento: 0 - Direccion fisica: 48 - Valor escrito: SonyPlaystation2
[INFO] 03:33:12:962 CPU/(2891:2891): Escritura en memoria exitosa 

[INFO] 03:33:12:962 CPU/(2891:2891): PID: 1 - Instruccion MOV_OUT 48 RBX finalizada 

[WARNING] 03:33:12:962 CPU/(2891:2891): PID: 1 - Ejecutando SET 

[INFO] 03:33:13:962 CPU/(2891:2891): PID: 1 - Instruccion SET RBX SonyPlaystation3 finalizada 

[WARNING] 03:33:13:965 CPU/(2891:2891): PID: 1 - Ejecutando MOV_OUT 

[WARNING] 03:33:13:966 CPU/(2891:2891): PID: 1 - Accion: ESCRIBIR - Segmento: 0 - Direccion fisica: 64 - Valor escrito: SonyPlaystation3
[INFO] 03:33:14:970 CPU/(2891:2891): Escritura en memoria exitosa 

[INFO] 03:33:14:971 CPU/(2891:2891): PID: 1 - Instruccion MOV_OUT 64 RBX finalizada 

[WARNING] 03:33:14:971 CPU/(2891:2891): PID: 1 - Ejecutando SET 

[INFO] 03:33:15:972 CPU/(2891:2891): PID: 1 - Instruccion SET RBX SonyPlaystation4 finalizada 

[WARNING] 03:33:15:973 CPU/(2891:2891): PID: 1 - Ejecutando MOV_OUT 

[WARNING] 03:33:15:973 CPU/(2891:2891): PID: 1 - Accion: ESCRIBIR - Segmento: 0 - Direccion fisica: 80 - Valor escrito: SonyPlaystation4
[INFO] 03:33:16:980 CPU/(2891:2891): Escritura en memoria exitosa 

[INFO] 03:33:16:980 CPU/(2891:2891): PID: 1 - Instruccion MOV_OUT 80 RBX finalizada 

[WARNING] 03:33:16:980 CPU/(2891:2891): PID: 1 - Ejecutando SET 

[INFO] 03:33:17:981 CPU/(2891:2891): PID: 1 - Instruccion SET RBX SonyPlaystation5 finalizada 

[WARNING] 03:33:17:983 CPU/(2891:2891): PID: 1 - Ejecutando MOV_OUT 

[WARNING] 03:33:17:984 CPU/(2891:2891): PID: 1 - Accion: ESCRIBIR - Segmento: 0 - Direccion fisica: 96 - Valor escrito: SonyPlaystation5
[INFO] 03:33:18:986 CPU/(2891:2891): Escritura en memoria exitosa 

[INFO] 03:33:18:986 CPU/(2891:2891): PID: 1 - Instruccion MOV_OUT 96 RBX finalizada 

[WARNING] 03:33:18:986 CPU/(2891:2891): PID: 1 - Ejecutando F_OPEN 

[INFO] 03:33:18:986 CPU/(2891:2891): PID: 1 - Instruccion F_OPEN Consoles a ejecutar por parte del Kernel 

[WARNING] 03:33:19:029 CPU/(2891:2891): PID: 1 - Ejecutando F_TRUNCATE 

[INFO] 03:33:19:029 CPU/(2891:2891): PID: 1 - Instruccion F_TRUNCATE Consoles 256 a ejecutar por parte del Kernel 

[WARNING] 03:33:19:077 CPU/(2891:2891): PID: 2 - Ejecutando WAIT 

[INFO] 03:33:19:077 CPU/(2891:2891): PID: 2 - Instruccion WAIT RB a ejecutar por parte del Kernel 

[WARNING] 03:34:04:202 CPU/(2891:2891): PID: 1 - Ejecutando F_SEEK 

[INFO] 03:34:04:202 CPU/(2891:2891): PID: 1 - Instruccion F_SEEK Consoles 128 a ejecutar por parte del Kernel 

[WARNING] 03:34:04:203 CPU/(2891:2891): PID: 1 - Ejecutando SIGNAL 

[INFO] 03:34:04:203 CPU/(2891:2891): PID: 1 - Instruccion SIGNAL RB a ejecutar por parte del Kernel 

[WARNING] 03:34:04:245 CPU/(2891:2891): PID: 1 - Ejecutando F_WRITE 

[INFO] 03:34:04:245 CPU/(2891:2891): PID: 1 - Instruccion F_WRITE Consoles 32 80 a ejecutar por parte del Kernel 

[WARNING] 03:34:04:289 CPU/(2891:2891): PID: 2 - Ejecutando CREATE_SEGMENT 

[INFO] 03:34:04:289 CPU/(2891:2891): PID: 2 - Instruccion CREATE_SEGMENT 1 64 a ejecutar por parte del Kernel 

[WARNING] 03:34:05:295 CPU/(2891:2891): PID: 2 - Ejecutando CREATE_SEGMENT 

[INFO] 03:34:05:295 CPU/(2891:2891): PID: 2 - Instruccion CREATE_SEGMENT 2 64 a ejecutar por parte del Kernel 

[WARNING] 03:34:05:301 CPU/(2891:2891): PID: 2 - Ejecutando CREATE_SEGMENT 

[INFO] 03:34:05:301 CPU/(2891:2891): PID: 2 - Instruccion CREATE_SEGMENT 3 64 a ejecutar por parte del Kernel 

[WARNING] 03:34:05:345 CPU/(2891:2891): PID: 2 - Ejecutando CREATE_SEGMENT 

[INFO] 03:34:05:345 CPU/(2891:2891): PID: 2 - Instruccion CREATE_SEGMENT 4 64 a ejecutar por parte del Kernel 

[WARNING] 03:34:05:390 CPU/(2891:2891): PID: 2 - Ejecutando CREATE_SEGMENT 

[INFO] 03:34:05:390 CPU/(2891:2891): PID: 2 - Instruccion CREATE_SEGMENT 5 128 a ejecutar por parte del Kernel 

[WARNING] 03:34:05:433 CPU/(2891:2891): PID: 2 - Ejecutando DELETE_SEGMENT 

[INFO] 03:34:05:433 CPU/(2891:2891): PID: 2 - Instruccion DELETE_SEGMENT 2 a ejecutar por parte del Kernel 

[WARNING] 03:34:05:477 CPU/(2891:2891): PID: 2 - Ejecutando DELETE_SEGMENT 

[INFO] 03:34:05:477 CPU/(2891:2891): PID: 2 - Instruccion DELETE_SEGMENT 4 a ejecutar por parte del Kernel 

[WARNING] 03:34:05:523 CPU/(2891:2891): PID: 2 - Ejecutando CREATE_SEGMENT 

[INFO] 03:34:05:523 CPU/(2891:2891): PID: 2 - Instruccion CREATE_SEGMENT 6 128 a ejecutar por parte del Kernel 

[WARNING] 03:35:20:328 CPU/(2891:2891): PID: 2 - Ejecutando EXIT 

[INFO] 03:35:20:328 CPU/(2891:2891): PID: 2 - Instruccion EXIT a ejecutar por parte del Kernel 

[WARNING] 03:35:20:330 CPU/(2891:2891): PID: 1 - Ejecutando F_CLOSE 

[INFO] 03:35:20:330 CPU/(2891:2891): PID: 1 - Instruccion F_CLOSE Consoles a ejecutar por parte del Kernel 

[WARNING] 03:35:20:377 CPU/(2891:2891): PID: 1 - Ejecutando F_OPEN 

[INFO] 03:35:20:377 CPU/(2891:2891): PID: 1 - Instruccion F_OPEN Videogames a ejecutar por parte del Kernel 

[WARNING] 03:35:20:421 CPU/(2891:2891): PID: 1 - Ejecutando F_TRUNCATE 

[INFO] 03:35:20:421 CPU/(2891:2891): PID: 1 - Instruccion F_TRUNCATE Videogames 64 a ejecutar por parte del Kernel 

[WARNING] 03:35:20:513 CPU/(2891:2891): PID: 1 - Ejecutando F_SEEK 

[INFO] 03:35:20:513 CPU/(2891:2891): PID: 1 - Instruccion F_SEEK Videogames 0 a ejecutar por parte del Kernel 

[WARNING] 03:35:20:514 CPU/(2891:2891): PID: 1 - Ejecutando F_WRITE 

[INFO] 03:35:20:514 CPU/(2891:2891): PID: 1 - Instruccion F_WRITE Videogames 0 16 a ejecutar por parte del Kernel 

[WARNING] 03:35:36:624 CPU/(2891:2891): PID: 1 - Ejecutando F_CLOSE 

[INFO] 03:35:36:624 CPU/(2891:2891): PID: 1 - Instruccion F_CLOSE Videogames a ejecutar por parte del Kernel 

[WARNING] 03:35:36:626 CPU/(2891:2891): PID: 1 - Ejecutando EXIT 

[INFO] 03:35:36:626 CPU/(2891:2891): PID: 1 - Instruccion EXIT a ejecutar por parte del Kernel 

[ERROR] 03:35:54:284 CPU/(2891:2891): El cliente se desconecto. Terminando Servidor 

[INFO] 03:36:01:834 CPU/(2929:2929): Config cargada en config_cpu
[INFO] 03:36:01:837 CPU/(2929:2929): El cliente se conectara a 127.0.0.1:8002 

[INFO] 03:36:01:838 CPU/(2929:2929): Cliente conectado en 127.0.0.1:8002 (a MEMORIA)

[INFO] 03:36:01:839 CPU/(2929:2929): Conexión exitosa con el modulo MEMORIA 

[INFO] 03:36:01:845 CPU/(2929:2929): Escuchando en 127.0.0.1:8001 (CPU)

[INFO] 03:36:01:845 CPU/(2929:2929): Servidor listo para recibir al cliente 

[WARNING] 03:36:08:089 CPU/(2929:2929): PID: 1 - Ejecutando F_OPEN 

[INFO] 03:36:08:089 CPU/(2929:2929): PID: 1 - Instruccion F_OPEN Videogames a ejecutar por parte del Kernel 

[WARNING] 03:36:08:094 CPU/(2929:2929): PID: 1 - Ejecutando F_SEEK 

[INFO] 03:36:08:095 CPU/(2929:2929): PID: 1 - Instruccion F_SEEK Videogames 0 a ejecutar por parte del Kernel 

[WARNING] 03:36:08:136 CPU/(2929:2929): PID: 1 - Ejecutando F_READ 

[INFO] 03:36:08:136 CPU/(2929:2929): PID: 1 - Instruccion F_READ Videogames 16 16 a ejecutar por parte del Kernel 

[WARNING] 03:36:09:109 CPU/(2929:2929): PID: 2 - Ejecutando F_OPEN 

[INFO] 03:36:09:109 CPU/(2929:2929): PID: 2 - Instruccion F_OPEN Videogames a ejecutar por parte del Kernel 

[WARNING] 03:36:10:108 CPU/(2929:2929): PID: 3 - Ejecutando F_OPEN 

[INFO] 03:36:10:108 CPU/(2929:2929): PID: 3 - Instruccion F_OPEN Videogames a ejecutar por parte del Kernel 

[WARNING] 03:36:11:110 CPU/(2929:2929): PID: 4 - Ejecutando F_OPEN 

[INFO] 03:36:11:110 CPU/(2929:2929): PID: 4 - Instruccion F_OPEN Videogames a ejecutar por parte del Kernel 

[WARNING] 03:36:24:229 CPU/(2929:2929): PID: 1 - Ejecutando MOV_IN 

[WARNING] 03:36:25:233 CPU/(2929:2929): PID: 1 - Accion: LEER - Segmento: 0 - Direccion fisica: 16 - Valor leido: SonicTheHedgehog
[INFO] 03:36:25:233 CPU/(2929:2929): PID: 1 - Instruccion MOV_IN RAX 16 finalizada 

[WARNING] 03:36:25:233 CPU/(2929:2929): PID: 1 - Ejecutando F_CLOSE 

[INFO] 03:36:25:234 CPU/(2929:2929): PID: 1 - Instruccion F_CLOSE Videogames a ejecutar por parte del Kernel 

[WARNING] 03:36:25:239 CPU/(2929:2929): PID: 1 - Ejecutando EXIT 

[INFO] 03:36:25:239 CPU/(2929:2929): PID: 1 - Instruccion EXIT a ejecutar por parte del Kernel 

[WARNING] 03:36:25:285 CPU/(2929:2929): PID: 2 - Ejecutando F_SEEK 

[INFO] 03:36:25:285 CPU/(2929:2929): PID: 2 - Instruccion F_SEEK Videogames 0 a ejecutar por parte del Kernel 

[WARNING] 03:36:25:329 CPU/(2929:2929): PID: 2 - Ejecutando F_READ 

[INFO] 03:36:25:329 CPU/(2929:2929): PID: 2 - Instruccion F_READ Videogames 16 16 a ejecutar por parte del Kernel 

[WARNING] 03:36:41:376 CPU/(2929:2929): PID: 2 - Ejecutando MOV_IN 

[WARNING] 03:36:42:381 CPU/(2929:2929): PID: 2 - Accion: LEER - Segmento: 0 - Direccion fisica: 16 - Valor leido: SonicTheHedgehog
[INFO] 03:36:42:381 CPU/(2929:2929): PID: 2 - Instruccion MOV_IN RAX 16 finalizada 

[WARNING] 03:36:42:382 CPU/(2929:2929): PID: 2 - Ejecutando F_CLOSE 

[INFO] 03:36:42:382 CPU/(2929:2929): PID: 2 - Instruccion F_CLOSE Videogames a ejecutar por parte del Kernel 

[WARNING] 03:36:42:388 CPU/(2929:2929): PID: 2 - Ejecutando EXIT 

[INFO] 03:36:42:388 CPU/(2929:2929): PID: 2 - Instruccion EXIT a ejecutar por parte del Kernel 

[WARNING] 03:36:42:435 CPU/(2929:2929): PID: 3 - Ejecutando F_SEEK 

[INFO] 03:36:42:437 CPU/(2929:2929): PID: 3 - Instruccion F_SEEK Videogames 0 a ejecutar por parte del Kernel 

[WARNING] 03:36:42:489 CPU/(2929:2929): PID: 3 - Ejecutando F_READ 

[INFO] 03:36:42:489 CPU/(2929:2929): PID: 3 - Instruccion F_READ Videogames 16 16 a ejecutar por parte del Kernel 

[WARNING] 03:36:58:542 CPU/(2929:2929): PID: 3 - Ejecutando MOV_IN 

[WARNING] 03:36:59:545 CPU/(2929:2929): PID: 3 - Accion: LEER - Segmento: 0 - Direccion fisica: 16 - Valor leido: SonicTheHedgehog
[INFO] 03:36:59:545 CPU/(2929:2929): PID: 3 - Instruccion MOV_IN RAX 16 finalizada 

[WARNING] 03:36:59:545 CPU/(2929:2929): PID: 3 - Ejecutando F_CLOSE 

[INFO] 03:36:59:545 CPU/(2929:2929): PID: 3 - Instruccion F_CLOSE Videogames a ejecutar por parte del Kernel 

[WARNING] 03:36:59:546 CPU/(2929:2929): PID: 3 - Ejecutando EXIT 

[INFO] 03:36:59:546 CPU/(2929:2929): PID: 3 - Instruccion EXIT a ejecutar por parte del Kernel 

[WARNING] 03:36:59:589 CPU/(2929:2929): PID: 4 - Ejecutando F_SEEK 

[INFO] 03:36:59:589 CPU/(2929:2929): PID: 4 - Instruccion F_SEEK Videogames 0 a ejecutar por parte del Kernel 

[WARNING] 03:36:59:633 CPU/(2929:2929): PID: 4 - Ejecutando F_READ 

[INFO] 03:36:59:633 CPU/(2929:2929): PID: 4 - Instruccion F_READ Videogames 16 16 a ejecutar por parte del Kernel 

[WARNING] 03:37:15:684 CPU/(2929:2929): PID: 4 - Ejecutando MOV_IN 

[WARNING] 03:37:16:688 CPU/(2929:2929): PID: 4 - Accion: LEER - Segmento: 0 - Direccion fisica: 16 - Valor leido: SonicTheHedgehog
[INFO] 03:37:16:688 CPU/(2929:2929): PID: 4 - Instruccion MOV_IN RAX 16 finalizada 

[WARNING] 03:37:16:688 CPU/(2929:2929): PID: 4 - Ejecutando F_CLOSE 

[INFO] 03:37:16:689 CPU/(2929:2929): PID: 4 - Instruccion F_CLOSE Videogames a ejecutar por parte del Kernel 

[WARNING] 03:37:16:692 CPU/(2929:2929): PID: 4 - Ejecutando EXIT 

[INFO] 03:37:16:693 CPU/(2929:2929): PID: 4 - Instruccion EXIT a ejecutar por parte del Kernel 

[ERROR] 03:37:56:420 CPU/(2929:2929): El cliente se desconecto. Terminando Servidor 

[INFO] 03:39:04:696 CPU/(2952:2952): Config cargada en config_cpu
[INFO] 03:39:04:697 CPU/(2952:2952): El cliente se conectara a 127.0.0.1:8002 

[INFO] 03:39:04:698 CPU/(2952:2952): Cliente conectado en 127.0.0.1:8002 (a MEMORIA)

[INFO] 03:39:04:698 CPU/(2952:2952): Conexión exitosa con el modulo MEMORIA 

[INFO] 03:39:04:699 CPU/(2952:2952): Escuchando en 127.0.0.1:8001 (CPU)

[INFO] 03:39:04:700 CPU/(2952:2952): Servidor listo para recibir al cliente 

[WARNING] 03:39:07:151 CPU/(2952:2952): PID: 1 - Ejecutando WAIT 

[INFO] 03:39:07:152 CPU/(2952:2952): PID: 1 - Instruccion WAIT RA a ejecutar por parte del Kernel 

[WARNING] 03:39:07:153 CPU/(2952:2952): PID: 1 - Ejecutando SET 

[INFO] 03:39:08:153 CPU/(2952:2952): PID: 1 - Instruccion SET AX h014 finalizada 

[WARNING] 03:39:08:155 CPU/(2952:2952): PID: 1 - Ejecutando MOV_OUT 

[WARNING] 03:39:08:156 CPU/(2952:2952): PID: 1 - Accion: ESCRIBIR - Segmento: 0 - Direccion fisica: 12 - Valor escrito: h014
[INFO] 03:39:09:158 CPU/(2952:2952): Escritura en memoria exitosa 

[INFO] 03:39:09:158 CPU/(2952:2952): PID: 1 - Instruccion MOV_OUT 12 AX finalizada 

[WARNING] 03:39:09:159 CPU/(2952:2952): PID: 1 - Ejecutando CREATE_SEGMENT 

[INFO] 03:39:09:159 CPU/(2952:2952): PID: 1 - Instruccion CREATE_SEGMENT 1 128 a ejecutar por parte del Kernel 

[WARNING] 03:39:09:201 CPU/(2952:2952): PID: 1 - Ejecutando SIGNAL 

[INFO] 03:39:09:201 CPU/(2952:2952): PID: 1 - Instruccion SIGNAL RB a ejecutar por parte del Kernel 

[WARNING] 03:39:09:245 CPU/(2952:2952): PID: 1 - Ejecutando WAIT 

[INFO] 03:39:09:245 CPU/(2952:2952): PID: 1 - Instruccion WAIT RA a ejecutar por parte del Kernel 

[WARNING] 03:39:10:153 CPU/(2952:2952): PID: 2 - Ejecutando WAIT 

[INFO] 03:39:10:154 CPU/(2952:2952): PID: 2 - Instruccion WAIT RB a ejecutar por parte del Kernel 

[WARNING] 03:39:10:154 CPU/(2952:2952): PID: 2 - Ejecutando MOV_IN 

[WARNING] 03:39:11:157 CPU/(2952:2952): PID: 2 - Accion: LEER - Segmento: 0 - Direccion fisica: 12 - Valor leido: h014
[INFO] 03:39:11:157 CPU/(2952:2952): PID: 2 - Instruccion MOV_IN CX 12 finalizada 

[WARNING] 03:39:11:158 CPU/(2952:2952): PID: 2 - Ejecutando CREATE_SEGMENT 

[INFO] 03:39:11:158 CPU/(2952:2952): PID: 2 - Instruccion CREATE_SEGMENT 1 64 a ejecutar por parte del Kernel 

[WARNING] 03:39:11:208 CPU/(2952:2952): PID: 2 - Ejecutando CREATE_SEGMENT 

[INFO] 03:39:11:208 CPU/(2952:2952): PID: 2 - Instruccion CREATE_SEGMENT 2 64 a ejecutar por parte del Kernel 

[WARNING] 03:39:11:253 CPU/(2952:2952): PID: 2 - Ejecutando CREATE_SEGMENT 

[INFO] 03:39:11:253 CPU/(2952:2952): PID: 2 - Instruccion CREATE_SEGMENT 3 64 a ejecutar por parte del Kernel 

[WARNING] 03:39:11:297 CPU/(2952:2952): PID: 2 - Ejecutando CREATE_SEGMENT 

[INFO] 03:39:11:297 CPU/(2952:2952): PID: 2 - Instruccion CREATE_SEGMENT 4 64 a ejecutar por parte del Kernel 

[WARNING] 03:39:11:342 CPU/(2952:2952): PID: 2 - Ejecutando CREATE_SEGMENT 

[INFO] 03:39:11:342 CPU/(2952:2952): PID: 2 - Instruccion CREATE_SEGMENT 5 64 a ejecutar por parte del Kernel 

[WARNING] 03:39:11:385 CPU/(2952:2952): PID: 2 - Ejecutando CREATE_SEGMENT 

[INFO] 03:39:11:385 CPU/(2952:2952): PID: 2 - Instruccion CREATE_SEGMENT 6 64 a ejecutar por parte del Kernel 

[WARNING] 03:39:11:429 CPU/(2952:2952): PID: 2 - Ejecutando CREATE_SEGMENT 

[INFO] 03:39:11:429 CPU/(2952:2952): PID: 2 - Instruccion CREATE_SEGMENT 7 64 a ejecutar por parte del Kernel 

[WARNING] 03:39:11:474 CPU/(2952:2952): PID: 2 - Ejecutando CREATE_SEGMENT 

[INFO] 03:39:11:474 CPU/(2952:2952): PID: 2 - Instruccion CREATE_SEGMENT 8 64 a ejecutar por parte del Kernel 

[WARNING] 03:39:11:517 CPU/(2952:2952): PID: 2 - Ejecutando SET 

[INFO] 03:39:12:517 CPU/(2952:2952): PID: 2 - Instruccion SET BX Ch4u finalizada 

[WARNING] 03:39:12:519 CPU/(2952:2952): PID: 2 - Ejecutando MOV_OUT 

[WARNING] 03:39:12:519 CPU/(2952:2952): PID: 2 - Accion: ESCRIBIR - Segmento: 0 - Direccion fisica: 12 - Valor escrito: Ch4u
[INFO] 03:39:13:521 CPU/(2952:2952): Escritura en memoria exitosa 

[INFO] 03:39:13:521 CPU/(2952:2952): PID: 2 - Instruccion MOV_OUT 12 BX finalizada 

[WARNING] 03:39:13:522 CPU/(2952:2952): PID: 2 - Ejecutando SIGNAL 

[INFO] 03:39:13:522 CPU/(2952:2952): PID: 2 - Instruccion SIGNAL RA a ejecutar por parte del Kernel 

[WARNING] 03:39:13:565 CPU/(2952:2952): PID: 2 - Ejecutando WAIT 

[INFO] 03:39:13:565 CPU/(2952:2952): PID: 2 - Instruccion WAIT RB a ejecutar por parte del Kernel 

[WARNING] 03:39:13:610 CPU/(2952:2952): PID: 3 - Ejecutando WAIT 

[INFO] 03:39:13:610 CPU/(2952:2952): PID: 3 - Instruccion WAIT RC a ejecutar por parte del Kernel 

[WARNING] 03:39:13:653 CPU/(2952:2952): PID: 1 - Ejecutando DELETE_SEGMENT 

[INFO] 03:39:13:653 CPU/(2952:2952): PID: 1 - Instruccion DELETE_SEGMENT 1 a ejecutar por parte del Kernel 

[WARNING] 03:39:13:701 CPU/(2952:2952): PID: 1 - Ejecutando MOV_IN 

[WARNING] 03:39:14:705 CPU/(2952:2952): PID: 1 - Accion: LEER - Segmento: 0 - Direccion fisica: 12 - Valor leido: Ch4u
[INFO] 03:39:14:705 CPU/(2952:2952): PID: 1 - Instruccion MOV_IN DX 12 finalizada 

[WARNING] 03:39:14:706 CPU/(2952:2952): PID: 1 - Ejecutando SIGNAL 

[INFO] 03:39:14:707 CPU/(2952:2952): PID: 1 - Instruccion SIGNAL RB a ejecutar por parte del Kernel 

[WARNING] 03:39:14:749 CPU/(2952:2952): PID: 1 - Ejecutando WAIT 

[INFO] 03:39:14:749 CPU/(2952:2952): PID: 1 - Instruccion WAIT RA a ejecutar por parte del Kernel 

[WARNING] 03:39:14:794 CPU/(2952:2952): PID: 2 - Ejecutando CREATE_SEGMENT 

[INFO] 03:39:14:794 CPU/(2952:2952): PID: 2 - Instruccion CREATE_SEGMENT 9 64 a ejecutar por parte del Kernel 

[WARNING] 03:39:14:837 CPU/(2952:2952): PID: 2 - Ejecutando SET 

[INFO] 03:39:15:837 CPU/(2952:2952): PID: 2 - Instruccion SET EAX CoscuWin finalizada 

[WARNING] 03:39:15:838 CPU/(2952:2952): PID: 2 - Ejecutando MOV_OUT 

[WARNING] 03:39:15:838 CPU/(2952:2952): PID: 2 - Accion: ESCRIBIR - Segmento: 1 - Direccion fisica: 256 - Valor escrito: CoscuWin
[INFO] 03:39:16:841 CPU/(2952:2952): Escritura en memoria exitosa 

[INFO] 03:39:16:841 CPU/(2952:2952): PID: 2 - Instruccion MOV_OUT 256 EAX finalizada 

[WARNING] 03:39:16:841 CPU/(2952:2952): PID: 2 - Ejecutando SET 

[INFO] 03:39:17:842 CPU/(2952:2952): PID: 2 - Instruccion SET EBX GermanNo finalizada 

[WARNING] 03:39:17:844 CPU/(2952:2952): PID: 2 - Ejecutando MOV_OUT 

[WARNING] 03:39:17:845 CPU/(2952:2952): PID: 2 - Accion: ESCRIBIR - Segmento: 8 - Direccion fisica: 704 - Valor escrito: GermanNo
[INFO] 03:39:18:848 CPU/(2952:2952): Escritura en memoria exitosa 

[INFO] 03:39:18:849 CPU/(2952:2952): PID: 2 - Instruccion MOV_OUT 2048 EBX finalizada 

[WARNING] 03:39:18:849 CPU/(2952:2952): PID: 2 - Ejecutando SIGNAL 

[INFO] 03:39:18:849 CPU/(2952:2952): PID: 2 - Instruccion SIGNAL RC a ejecutar por parte del Kernel 

[WARNING] 03:39:18:893 CPU/(2952:2952): PID: 2 - Ejecutando WAIT 

[INFO] 03:39:18:893 CPU/(2952:2952): PID: 2 - Instruccion WAIT RB a ejecutar por parte del Kernel 

[WARNING] 03:39:18:938 CPU/(2952:2952): PID: 3 - Ejecutando CREATE_SEGMENT 

[INFO] 03:39:18:938 CPU/(2952:2952): PID: 3 - Instruccion CREATE_SEGMENT 1 256 a ejecutar por parte del Kernel 

[WARNING] 03:39:18:981 CPU/(2952:2952): PID: 3 - Ejecutando MOV_IN 

[WARNING] 03:39:19:983 CPU/(2952:2952): PID: 3 - Accion: LEER - Segmento: 0 - Direccion fisica: 12 - Valor leido: Ch4u
[INFO] 03:39:19:983 CPU/(2952:2952): PID: 3 - Instruccion MOV_IN AX 12 finalizada 

[WARNING] 03:39:19:983 CPU/(2952:2952): PID: 3 - Ejecutando SIGNAL 

[INFO] 03:39:19:983 CPU/(2952:2952): PID: 3 - Instruccion SIGNAL RB a ejecutar por parte del Kernel 

[WARNING] 03:39:20:028 CPU/(2952:2952): PID: 3 - Ejecutando WAIT 

[INFO] 03:39:20:028 CPU/(2952:2952): PID: 3 - Instruccion WAIT RC a ejecutar por parte del Kernel 

[WARNING] 03:39:20:073 CPU/(2952:2952): PID: 2 - Ejecutando MOV_IN 

[WARNING] 03:39:21:075 CPU/(2952:2952): PID: 2 - Accion: LEER - Segmento: 1 - Direccion fisica: 256 - Valor leido: CoscuWin
[INFO] 03:39:21:075 CPU/(2952:2952): PID: 2 - Instruccion MOV_IN ECX 256 finalizada 

[WARNING] 03:39:21:075 CPU/(2952:2952): PID: 2 - Ejecutando DELETE_SEGMENT 

[INFO] 03:39:21:075 CPU/(2952:2952): PID: 2 - Instruccion DELETE_SEGMENT 1 a ejecutar por parte del Kernel 

[WARNING] 03:39:21:121 CPU/(2952:2952): PID: 2 - Ejecutando MOV_IN 

[WARNING] 03:39:22:123 CPU/(2952:2952): PID: 2 - Accion: LEER - Segmento: 8 - Direccion fisica: 704 - Valor leido: GermanNo
[INFO] 03:39:22:123 CPU/(2952:2952): PID: 2 - Instruccion MOV_IN EDX 2048 finalizada 

[WARNING] 03:39:22:123 CPU/(2952:2952): PID: 2 - Ejecutando DELETE_SEGMENT 

[INFO] 03:39:22:123 CPU/(2952:2952): PID: 2 - Instruccion DELETE_SEGMENT 2 a ejecutar por parte del Kernel 

[WARNING] 03:39:22:166 CPU/(2952:2952): PID: 2 - Ejecutando DELETE_SEGMENT 

[INFO] 03:39:22:166 CPU/(2952:2952): PID: 2 - Instruccion DELETE_SEGMENT 4 a ejecutar por parte del Kernel 

[WARNING] 03:39:22:212 CPU/(2952:2952): PID: 2 - Ejecutando DELETE_SEGMENT 

[INFO] 03:39:22:212 CPU/(2952:2952): PID: 2 - Instruccion DELETE_SEGMENT 5 a ejecutar por parte del Kernel 

[WARNING] 03:39:22:257 CPU/(2952:2952): PID: 2 - Ejecutando SIGNAL 

[INFO] 03:39:22:257 CPU/(2952:2952): PID: 2 - Instruccion SIGNAL RC a ejecutar por parte del Kernel 

[WARNING] 03:39:22:302 CPU/(2952:2952): PID: 2 - Ejecutando WAIT 

[INFO] 03:39:22:302 CPU/(2952:2952): PID: 2 - Instruccion WAIT RB a ejecutar por parte del Kernel 

[WARNING] 03:39:22:345 CPU/(2952:2952): PID: 3 - Ejecutando CREATE_SEGMENT 

[INFO] 03:39:22:345 CPU/(2952:2952): PID: 3 - Instruccion CREATE_SEGMENT 2 128 a ejecutar por parte del Kernel 

[WARNING] 03:39:22:389 CPU/(2952:2952): PID: 3 - Ejecutando SIGNAL 

[INFO] 03:39:22:389 CPU/(2952:2952): PID: 3 - Instruccion SIGNAL RA a ejecutar por parte del Kernel 

[WARNING] 03:39:22:433 CPU/(2952:2952): PID: 3 - Ejecutando SIGNAL 

[INFO] 03:39:22:433 CPU/(2952:2952): PID: 3 - Instruccion SIGNAL RB a ejecutar por parte del Kernel 

[WARNING] 03:39:22:477 CPU/(2952:2952): PID: 3 - Ejecutando EXIT 

[INFO] 03:39:22:477 CPU/(2952:2952): PID: 3 - Instruccion EXIT a ejecutar por parte del Kernel 

[WARNING] 03:39:22:521 CPU/(2952:2952): PID: 1 - Ejecutando EXIT 

[INFO] 03:39:22:522 CPU/(2952:2952): PID: 1 - Instruccion EXIT a ejecutar por parte del Kernel 

[WARNING] 03:39:22:566 CPU/(2952:2952): PID: 2 - Ejecutando EXIT 

[INFO] 03:39:22:566 CPU/(2952:2952): PID: 2 - Instruccion EXIT a ejecutar por parte del Kernel 

[ERROR] 03:39:35:860 CPU/(2952:2952): El cliente se desconecto. Terminando Servidor 

[INFO] 03:39:41:911 CPU/(2974:2974): Config cargada en config_cpu
[INFO] 03:39:41:913 CPU/(2974:2974): El cliente se conectara a 127.0.0.1:8002 

[INFO] 03:39:41:914 CPU/(2974:2974): Cliente conectado en 127.0.0.1:8002 (a MEMORIA)

[INFO] 03:39:41:914 CPU/(2974:2974): Conexión exitosa con el modulo MEMORIA 

[INFO] 03:39:41:915 CPU/(2974:2974): Escuchando en 127.0.0.1:8001 (CPU)

[INFO] 03:39:41:915 CPU/(2974:2974): Servidor listo para recibir al cliente 

[INFO] 03:39:54:061 CPU/(2976:2976): Config cargada en config_cpu
[INFO] 03:39:54:063 CPU/(2976:2976): El cliente se conectara a 127.0.0.1:8002 

[INFO] 03:39:54:065 CPU/(2976:2976): Cliente conectado en 127.0.0.1:8002 (a MEMORIA)

[INFO] 03:39:54:070 CPU/(2976:2976): Conexión exitosa con el modulo MEMORIA 

[INFO] 03:39:54:070 CPU/(2976:2976): Escuchando en 127.0.0.1:8001 (CPU)

[INFO] 03:39:54:071 CPU/(2976:2976): Servidor listo para recibir al cliente 

[WARNING] 03:39:57:563 CPU/(2976:2976): PID: 1 - Ejecutando WAIT 

[INFO] 03:39:57:563 CPU/(2976:2976): PID: 1 - Instruccion WAIT RA a ejecutar por parte del Kernel 

[WARNING] 03:39:57:564 CPU/(2976:2976): PID: 1 - Ejecutando SET 

[INFO] 03:39:58:565 CPU/(2976:2976): PID: 1 - Instruccion SET AX h014 finalizada 

[WARNING] 03:39:58:566 CPU/(2976:2976): PID: 1 - Ejecutando MOV_OUT 

[WARNING] 03:39:58:566 CPU/(2976:2976): PID: 1 - Accion: ESCRIBIR - Segmento: 0 - Direccion fisica: 12 - Valor escrito: h014
[INFO] 03:39:59:568 CPU/(2976:2976): Escritura en memoria exitosa 

[INFO] 03:39:59:568 CPU/(2976:2976): PID: 1 - Instruccion MOV_OUT 12 AX finalizada 

[WARNING] 03:39:59:568 CPU/(2976:2976): PID: 1 - Ejecutando CREATE_SEGMENT 

[INFO] 03:39:59:569 CPU/(2976:2976): PID: 1 - Instruccion CREATE_SEGMENT 1 128 a ejecutar por parte del Kernel 

[WARNING] 03:39:59:613 CPU/(2976:2976): PID: 1 - Ejecutando SIGNAL 

[INFO] 03:39:59:613 CPU/(2976:2976): PID: 1 - Instruccion SIGNAL RB a ejecutar por parte del Kernel 

[WARNING] 03:39:59:658 CPU/(2976:2976): PID: 1 - Ejecutando WAIT 

[INFO] 03:39:59:658 CPU/(2976:2976): PID: 1 - Instruccion WAIT RA a ejecutar por parte del Kernel 

[WARNING] 03:40:00:557 CPU/(2976:2976): PID: 2 - Ejecutando WAIT 

[INFO] 03:40:00:557 CPU/(2976:2976): PID: 2 - Instruccion WAIT RB a ejecutar por parte del Kernel 

[WARNING] 03:40:00:558 CPU/(2976:2976): PID: 2 - Ejecutando MOV_IN 

[WARNING] 03:40:01:560 CPU/(2976:2976): PID: 2 - Accion: LEER - Segmento: 0 - Direccion fisica: 12 - Valor leido: h014
[INFO] 03:40:01:560 CPU/(2976:2976): PID: 2 - Instruccion MOV_IN CX 12 finalizada 

[WARNING] 03:40:01:561 CPU/(2976:2976): PID: 2 - Ejecutando CREATE_SEGMENT 

[INFO] 03:40:01:561 CPU/(2976:2976): PID: 2 - Instruccion CREATE_SEGMENT 1 64 a ejecutar por parte del Kernel 

[WARNING] 03:40:01:605 CPU/(2976:2976): PID: 2 - Ejecutando CREATE_SEGMENT 

[INFO] 03:40:01:605 CPU/(2976:2976): PID: 2 - Instruccion CREATE_SEGMENT 2 64 a ejecutar por parte del Kernel 

[WARNING] 03:40:01:655 CPU/(2976:2976): PID: 2 - Ejecutando CREATE_SEGMENT 

[INFO] 03:40:01:655 CPU/(2976:2976): PID: 2 - Instruccion CREATE_SEGMENT 3 64 a ejecutar por parte del Kernel 

[WARNING] 03:40:01:697 CPU/(2976:2976): PID: 2 - Ejecutando CREATE_SEGMENT 

[INFO] 03:40:01:697 CPU/(2976:2976): PID: 2 - Instruccion CREATE_SEGMENT 4 64 a ejecutar por parte del Kernel 

[WARNING] 03:40:01:742 CPU/(2976:2976): PID: 2 - Ejecutando CREATE_SEGMENT 

[INFO] 03:40:01:742 CPU/(2976:2976): PID: 2 - Instruccion CREATE_SEGMENT 5 64 a ejecutar por parte del Kernel 

[WARNING] 03:40:01:785 CPU/(2976:2976): PID: 2 - Ejecutando CREATE_SEGMENT 

[INFO] 03:40:01:785 CPU/(2976:2976): PID: 2 - Instruccion CREATE_SEGMENT 6 64 a ejecutar por parte del Kernel 

[WARNING] 03:40:01:839 CPU/(2976:2976): PID: 2 - Ejecutando CREATE_SEGMENT 

[INFO] 03:40:01:839 CPU/(2976:2976): PID: 2 - Instruccion CREATE_SEGMENT 7 64 a ejecutar por parte del Kernel 

[WARNING] 03:40:01:883 CPU/(2976:2976): PID: 2 - Ejecutando CREATE_SEGMENT 

[INFO] 03:40:01:883 CPU/(2976:2976): PID: 2 - Instruccion CREATE_SEGMENT 8 64 a ejecutar por parte del Kernel 

[WARNING] 03:40:01:926 CPU/(2976:2976): PID: 2 - Ejecutando SET 

[INFO] 03:40:02:926 CPU/(2976:2976): PID: 2 - Instruccion SET BX Ch4u finalizada 

[WARNING] 03:40:02:927 CPU/(2976:2976): PID: 2 - Ejecutando MOV_OUT 

[WARNING] 03:40:02:927 CPU/(2976:2976): PID: 2 - Accion: ESCRIBIR - Segmento: 0 - Direccion fisica: 12 - Valor escrito: Ch4u
[INFO] 03:40:03:929 CPU/(2976:2976): Escritura en memoria exitosa 

[INFO] 03:40:03:929 CPU/(2976:2976): PID: 2 - Instruccion MOV_OUT 12 BX finalizada 

[WARNING] 03:40:03:930 CPU/(2976:2976): PID: 2 - Ejecutando SIGNAL 

[INFO] 03:40:03:930 CPU/(2976:2976): PID: 2 - Instruccion SIGNAL RA a ejecutar por parte del Kernel 

[WARNING] 03:40:03:973 CPU/(2976:2976): PID: 2 - Ejecutando WAIT 

[INFO] 03:40:03:973 CPU/(2976:2976): PID: 2 - Instruccion WAIT RB a ejecutar por parte del Kernel 

[WARNING] 03:40:04:019 CPU/(2976:2976): PID: 3 - Ejecutando WAIT 

[INFO] 03:40:04:019 CPU/(2976:2976): PID: 3 - Instruccion WAIT RC a ejecutar por parte del Kernel 

[WARNING] 03:40:04:062 CPU/(2976:2976): PID: 1 - Ejecutando DELETE_SEGMENT 

[INFO] 03:40:04:062 CPU/(2976:2976): PID: 1 - Instruccion DELETE_SEGMENT 1 a ejecutar por parte del Kernel 

[WARNING] 03:40:04:105 CPU/(2976:2976): PID: 1 - Ejecutando MOV_IN 

[WARNING] 03:40:05:107 CPU/(2976:2976): PID: 1 - Accion: LEER - Segmento: 0 - Direccion fisica: 12 - Valor leido: Ch4u
[INFO] 03:40:05:107 CPU/(2976:2976): PID: 1 - Instruccion MOV_IN DX 12 finalizada 

[WARNING] 03:40:05:107 CPU/(2976:2976): PID: 1 - Ejecutando SIGNAL 

[INFO] 03:40:05:107 CPU/(2976:2976): PID: 1 - Instruccion SIGNAL RB a ejecutar por parte del Kernel 

[WARNING] 03:40:05:149 CPU/(2976:2976): PID: 1 - Ejecutando WAIT 

[INFO] 03:40:05:149 CPU/(2976:2976): PID: 1 - Instruccion WAIT RA a ejecutar por parte del Kernel 

[WARNING] 03:40:05:193 CPU/(2976:2976): PID: 2 - Ejecutando CREATE_SEGMENT 

[INFO] 03:40:05:193 CPU/(2976:2976): PID: 2 - Instruccion CREATE_SEGMENT 9 64 a ejecutar por parte del Kernel 

[WARNING] 03:40:05:237 CPU/(2976:2976): PID: 2 - Ejecutando SET 

[INFO] 03:40:06:238 CPU/(2976:2976): PID: 2 - Instruccion SET EAX CoscuWin finalizada 

[WARNING] 03:40:06:239 CPU/(2976:2976): PID: 2 - Ejecutando MOV_OUT 

[WARNING] 03:40:06:239 CPU/(2976:2976): PID: 2 - Accion: ESCRIBIR - Segmento: 1 - Direccion fisica: 256 - Valor escrito: CoscuWin
[INFO] 03:40:07:241 CPU/(2976:2976): Escritura en memoria exitosa 

[INFO] 03:40:07:241 CPU/(2976:2976): PID: 2 - Instruccion MOV_OUT 256 EAX finalizada 

[WARNING] 03:40:07:241 CPU/(2976:2976): PID: 2 - Ejecutando SET 

[INFO] 03:40:08:241 CPU/(2976:2976): PID: 2 - Instruccion SET EBX GermanNo finalizada 

[WARNING] 03:40:08:243 CPU/(2976:2976): PID: 2 - Ejecutando MOV_OUT 

[WARNING] 03:40:08:245 CPU/(2976:2976): PID: 2 - Accion: ESCRIBIR - Segmento: 8 - Direccion fisica: 704 - Valor escrito: GermanNo
[INFO] 03:40:09:248 CPU/(2976:2976): Escritura en memoria exitosa 

[INFO] 03:40:09:248 CPU/(2976:2976): PID: 2 - Instruccion MOV_OUT 2048 EBX finalizada 

[WARNING] 03:40:09:249 CPU/(2976:2976): PID: 2 - Ejecutando SIGNAL 

[INFO] 03:40:09:249 CPU/(2976:2976): PID: 2 - Instruccion SIGNAL RC a ejecutar por parte del Kernel 

[WARNING] 03:40:09:293 CPU/(2976:2976): PID: 2 - Ejecutando WAIT 

[INFO] 03:40:09:293 CPU/(2976:2976): PID: 2 - Instruccion WAIT RB a ejecutar por parte del Kernel 

[WARNING] 03:40:09:337 CPU/(2976:2976): PID: 3 - Ejecutando CREATE_SEGMENT 

[INFO] 03:40:09:337 CPU/(2976:2976): PID: 3 - Instruccion CREATE_SEGMENT 1 256 a ejecutar por parte del Kernel 

[WARNING] 03:40:09:381 CPU/(2976:2976): PID: 3 - Ejecutando MOV_IN 

[WARNING] 03:40:10:384 CPU/(2976:2976): PID: 3 - Accion: LEER - Segmento: 0 - Direccion fisica: 12 - Valor leido: Ch4u
[INFO] 03:40:10:384 CPU/(2976:2976): PID: 3 - Instruccion MOV_IN AX 12 finalizada 

[WARNING] 03:40:10:385 CPU/(2976:2976): PID: 3 - Ejecutando SIGNAL 

[INFO] 03:40:10:385 CPU/(2976:2976): PID: 3 - Instruccion SIGNAL RB a ejecutar por parte del Kernel 

[WARNING] 03:40:10:429 CPU/(2976:2976): PID: 3 - Ejecutando WAIT 

[INFO] 03:40:10:429 CPU/(2976:2976): PID: 3 - Instruccion WAIT RC a ejecutar por parte del Kernel 

[WARNING] 03:40:10:474 CPU/(2976:2976): PID: 2 - Ejecutando MOV_IN 

[WARNING] 03:40:11:477 CPU/(2976:2976): PID: 2 - Accion: LEER - Segmento: 1 - Direccion fisica: 256 - Valor leido: CoscuWin
[INFO] 03:40:11:477 CPU/(2976:2976): PID: 2 - Instruccion MOV_IN ECX 256 finalizada 

[WARNING] 03:40:11:478 CPU/(2976:2976): PID: 2 - Ejecutando DELETE_SEGMENT 

[INFO] 03:40:11:478 CPU/(2976:2976): PID: 2 - Instruccion DELETE_SEGMENT 1 a ejecutar por parte del Kernel 

[WARNING] 03:40:11:521 CPU/(2976:2976): PID: 2 - Ejecutando MOV_IN 

[WARNING] 03:40:12:523 CPU/(2976:2976): PID: 2 - Accion: LEER - Segmento: 8 - Direccion fisica: 704 - Valor leido: GermanNo
[INFO] 03:40:12:523 CPU/(2976:2976): PID: 2 - Instruccion MOV_IN EDX 2048 finalizada 

[WARNING] 03:40:12:523 CPU/(2976:2976): PID: 2 - Ejecutando DELETE_SEGMENT 

[INFO] 03:40:12:523 CPU/(2976:2976): PID: 2 - Instruccion DELETE_SEGMENT 2 a ejecutar por parte del Kernel 

[WARNING] 03:40:12:565 CPU/(2976:2976): PID: 2 - Ejecutando DELETE_SEGMENT 

[INFO] 03:40:12:565 CPU/(2976:2976): PID: 2 - Instruccion DELETE_SEGMENT 4 a ejecutar por parte del Kernel 

[WARNING] 03:40:12:618 CPU/(2976:2976): PID: 2 - Ejecutando DELETE_SEGMENT 

[INFO] 03:40:12:618 CPU/(2976:2976): PID: 2 - Instruccion DELETE_SEGMENT 5 a ejecutar por parte del Kernel 

[WARNING] 03:40:12:661 CPU/(2976:2976): PID: 2 - Ejecutando SIGNAL 

[INFO] 03:40:12:661 CPU/(2976:2976): PID: 2 - Instruccion SIGNAL RC a ejecutar por parte del Kernel 

[WARNING] 03:40:12:706 CPU/(2976:2976): PID: 2 - Ejecutando WAIT 

[INFO] 03:40:12:706 CPU/(2976:2976): PID: 2 - Instruccion WAIT RB a ejecutar por parte del Kernel 

[WARNING] 03:40:12:749 CPU/(2976:2976): PID: 3 - Ejecutando CREATE_SEGMENT 

[INFO] 03:40:12:749 CPU/(2976:2976): PID: 3 - Instruccion CREATE_SEGMENT 2 128 a ejecutar por parte del Kernel 

[WARNING] 03:40:12:793 CPU/(2976:2976): PID: 3 - Ejecutando SIGNAL 

[INFO] 03:40:12:793 CPU/(2976:2976): PID: 3 - Instruccion SIGNAL RA a ejecutar por parte del Kernel 

[WARNING] 03:40:12:837 CPU/(2976:2976): PID: 3 - Ejecutando SIGNAL 

[INFO] 03:40:12:838 CPU/(2976:2976): PID: 3 - Instruccion SIGNAL RB a ejecutar por parte del Kernel 

[WARNING] 03:40:12:880 CPU/(2976:2976): PID: 3 - Ejecutando EXIT 

[INFO] 03:40:12:881 CPU/(2976:2976): PID: 3 - Instruccion EXIT a ejecutar por parte del Kernel 

[WARNING] 03:40:12:926 CPU/(2976:2976): PID: 1 - Ejecutando EXIT 

[INFO] 03:40:12:927 CPU/(2976:2976): PID: 1 - Instruccion EXIT a ejecutar por parte del Kernel 

[WARNING] 03:40:12:971 CPU/(2976:2976): PID: 2 - Ejecutando EXIT 

[INFO] 03:40:12:971 CPU/(2976:2976): PID: 2 - Instruccion EXIT a ejecutar por parte del Kernel 

[ERROR] 03:40:40:155 CPU/(2976:2976): El cliente se desconecto. Terminando Servidor 

[INFO] 03:40:50:873 CPU/(2995:2995): Config cargada en config_cpu
[INFO] 03:40:50:875 CPU/(2995:2995): El cliente se conectara a 127.0.0.1:8002 

[INFO] 03:40:50:876 CPU/(2995:2995): Cliente conectado en 127.0.0.1:8002 (a MEMORIA)

[INFO] 03:40:50:877 CPU/(2995:2995): Conexión exitosa con el modulo MEMORIA 

[INFO] 03:40:50:878 CPU/(2995:2995): Escuchando en 127.0.0.1:8001 (CPU)

[INFO] 03:40:50:878 CPU/(2995:2995): Servidor listo para recibir al cliente 

[WARNING] 03:40:53:602 CPU/(2995:2995): PID: 1 - Ejecutando WAIT 

[INFO] 03:40:53:602 CPU/(2995:2995): PID: 1 - Instruccion WAIT RA a ejecutar por parte del Kernel 

[WARNING] 03:40:53:603 CPU/(2995:2995): PID: 1 - Ejecutando SET 

[INFO] 03:40:54:604 CPU/(2995:2995): PID: 1 - Instruccion SET AX h014 finalizada 

[WARNING] 03:40:54:610 CPU/(2995:2995): PID: 1 - Ejecutando MOV_OUT 

[WARNING] 03:40:54:611 CPU/(2995:2995): PID: 1 - Accion: ESCRIBIR - Segmento: 0 - Direccion fisica: 12 - Valor escrito: h014
[INFO] 03:40:55:616 CPU/(2995:2995): Escritura en memoria exitosa 

[INFO] 03:40:55:617 CPU/(2995:2995): PID: 1 - Instruccion MOV_OUT 12 AX finalizada 

[WARNING] 03:40:55:617 CPU/(2995:2995): PID: 1 - Ejecutando CREATE_SEGMENT 

[INFO] 03:40:55:617 CPU/(2995:2995): PID: 1 - Instruccion CREATE_SEGMENT 1 128 a ejecutar por parte del Kernel 

[WARNING] 03:40:55:667 CPU/(2995:2995): PID: 1 - Ejecutando SIGNAL 

[INFO] 03:40:55:667 CPU/(2995:2995): PID: 1 - Instruccion SIGNAL RB a ejecutar por parte del Kernel 

[WARNING] 03:40:55:708 CPU/(2995:2995): PID: 1 - Ejecutando WAIT 

[INFO] 03:40:55:708 CPU/(2995:2995): PID: 1 - Instruccion WAIT RA a ejecutar por parte del Kernel 

[WARNING] 03:40:56:601 CPU/(2995:2995): PID: 2 - Ejecutando WAIT 

[INFO] 03:40:56:602 CPU/(2995:2995): PID: 2 - Instruccion WAIT RB a ejecutar por parte del Kernel 

[WARNING] 03:40:56:602 CPU/(2995:2995): PID: 2 - Ejecutando MOV_IN 

[WARNING] 03:40:57:605 CPU/(2995:2995): PID: 2 - Accion: LEER - Segmento: 0 - Direccion fisica: 12 - Valor leido: h014
[INFO] 03:40:57:605 CPU/(2995:2995): PID: 2 - Instruccion MOV_IN CX 12 finalizada 

[WARNING] 03:40:57:606 CPU/(2995:2995): PID: 2 - Ejecutando CREATE_SEGMENT 

[INFO] 03:40:57:606 CPU/(2995:2995): PID: 2 - Instruccion CREATE_SEGMENT 1 64 a ejecutar por parte del Kernel 

[WARNING] 03:40:57:653 CPU/(2995:2995): PID: 2 - Ejecutando CREATE_SEGMENT 

[INFO] 03:40:57:653 CPU/(2995:2995): PID: 2 - Instruccion CREATE_SEGMENT 2 64 a ejecutar por parte del Kernel 

[WARNING] 03:40:57:698 CPU/(2995:2995): PID: 2 - Ejecutando CREATE_SEGMENT 

[INFO] 03:40:57:698 CPU/(2995:2995): PID: 2 - Instruccion CREATE_SEGMENT 3 64 a ejecutar por parte del Kernel 

[WARNING] 03:40:57:741 CPU/(2995:2995): PID: 2 - Ejecutando CREATE_SEGMENT 

[INFO] 03:40:57:741 CPU/(2995:2995): PID: 2 - Instruccion CREATE_SEGMENT 4 64 a ejecutar por parte del Kernel 

[WARNING] 03:40:57:785 CPU/(2995:2995): PID: 2 - Ejecutando CREATE_SEGMENT 

[INFO] 03:40:57:785 CPU/(2995:2995): PID: 2 - Instruccion CREATE_SEGMENT 5 64 a ejecutar por parte del Kernel 

[WARNING] 03:40:57:829 CPU/(2995:2995): PID: 2 - Ejecutando CREATE_SEGMENT 

[INFO] 03:40:57:829 CPU/(2995:2995): PID: 2 - Instruccion CREATE_SEGMENT 6 64 a ejecutar por parte del Kernel 

[WARNING] 03:40:57:873 CPU/(2995:2995): PID: 2 - Ejecutando CREATE_SEGMENT 

[INFO] 03:40:57:873 CPU/(2995:2995): PID: 2 - Instruccion CREATE_SEGMENT 7 64 a ejecutar por parte del Kernel 

[WARNING] 03:40:57:918 CPU/(2995:2995): PID: 2 - Ejecutando CREATE_SEGMENT 

[INFO] 03:40:57:918 CPU/(2995:2995): PID: 2 - Instruccion CREATE_SEGMENT 8 64 a ejecutar por parte del Kernel 

[WARNING] 03:40:57:961 CPU/(2995:2995): PID: 2 - Ejecutando SET 

[INFO] 03:40:58:962 CPU/(2995:2995): PID: 2 - Instruccion SET BX Ch4u finalizada 

[WARNING] 03:40:58:963 CPU/(2995:2995): PID: 2 - Ejecutando MOV_OUT 

[WARNING] 03:40:58:963 CPU/(2995:2995): PID: 2 - Accion: ESCRIBIR - Segmento: 0 - Direccion fisica: 12 - Valor escrito: Ch4u
[INFO] 03:40:59:967 CPU/(2995:2995): Escritura en memoria exitosa 

[INFO] 03:40:59:969 CPU/(2995:2995): PID: 2 - Instruccion MOV_OUT 12 BX finalizada 

[WARNING] 03:40:59:969 CPU/(2995:2995): PID: 2 - Ejecutando SIGNAL 

[INFO] 03:40:59:970 CPU/(2995:2995): PID: 2 - Instruccion SIGNAL RA a ejecutar por parte del Kernel 

[WARNING] 03:41:00:015 CPU/(2995:2995): PID: 2 - Ejecutando WAIT 

[INFO] 03:41:00:015 CPU/(2995:2995): PID: 2 - Instruccion WAIT RB a ejecutar por parte del Kernel 

[WARNING] 03:41:00:067 CPU/(2995:2995): PID: 3 - Ejecutando WAIT 

[INFO] 03:41:00:067 CPU/(2995:2995): PID: 3 - Instruccion WAIT RC a ejecutar por parte del Kernel 

[WARNING] 03:41:00:112 CPU/(2995:2995): PID: 1 - Ejecutando DELETE_SEGMENT 

[INFO] 03:41:00:113 CPU/(2995:2995): PID: 1 - Instruccion DELETE_SEGMENT 1 a ejecutar por parte del Kernel 

[WARNING] 03:41:00:160 CPU/(2995:2995): PID: 1 - Ejecutando MOV_IN 

[WARNING] 03:41:01:161 CPU/(2995:2995): PID: 1 - Accion: LEER - Segmento: 0 - Direccion fisica: 12 - Valor leido: Ch4u
[INFO] 03:41:01:162 CPU/(2995:2995): PID: 1 - Instruccion MOV_IN DX 12 finalizada 

[WARNING] 03:41:01:162 CPU/(2995:2995): PID: 1 - Ejecutando SIGNAL 

[INFO] 03:41:01:162 CPU/(2995:2995): PID: 1 - Instruccion SIGNAL RB a ejecutar por parte del Kernel 

[WARNING] 03:41:01:205 CPU/(2995:2995): PID: 1 - Ejecutando WAIT 

[INFO] 03:41:01:205 CPU/(2995:2995): PID: 1 - Instruccion WAIT RA a ejecutar por parte del Kernel 

[WARNING] 03:41:01:250 CPU/(2995:2995): PID: 2 - Ejecutando CREATE_SEGMENT 

[INFO] 03:41:01:250 CPU/(2995:2995): PID: 2 - Instruccion CREATE_SEGMENT 9 64 a ejecutar por parte del Kernel 

[WARNING] 03:41:01:293 CPU/(2995:2995): PID: 2 - Ejecutando SET 

[INFO] 03:41:02:293 CPU/(2995:2995): PID: 2 - Instruccion SET EAX CoscuWin finalizada 

[WARNING] 03:41:02:293 CPU/(2995:2995): PID: 2 - Ejecutando MOV_OUT 

[WARNING] 03:41:02:294 CPU/(2995:2995): PID: 2 - Accion: ESCRIBIR - Segmento: 1 - Direccion fisica: 256 - Valor escrito: CoscuWin
[INFO] 03:41:03:295 CPU/(2995:2995): Escritura en memoria exitosa 

[INFO] 03:41:03:296 CPU/(2995:2995): PID: 2 - Instruccion MOV_OUT 256 EAX finalizada 

[WARNING] 03:41:03:297 CPU/(2995:2995): PID: 2 - Ejecutando SET 

[INFO] 03:41:04:298 CPU/(2995:2995): PID: 2 - Instruccion SET EBX GermanNo finalizada 

[WARNING] 03:41:04:299 CPU/(2995:2995): PID: 2 - Ejecutando MOV_OUT 

[WARNING] 03:41:04:299 CPU/(2995:2995): PID: 2 - Accion: ESCRIBIR - Segmento: 8 - Direccion fisica: 704 - Valor escrito: GermanNo
[INFO] 03:41:05:301 CPU/(2995:2995): Escritura en memoria exitosa 

[INFO] 03:41:05:301 CPU/(2995:2995): PID: 2 - Instruccion MOV_OUT 2048 EBX finalizada 

[WARNING] 03:41:05:301 CPU/(2995:2995): PID: 2 - Ejecutando SIGNAL 

[INFO] 03:41:05:302 CPU/(2995:2995): PID: 2 - Instruccion SIGNAL RC a ejecutar por parte del Kernel 

[WARNING] 03:41:05:345 CPU/(2995:2995): PID: 2 - Ejecutando WAIT 

[INFO] 03:41:05:345 CPU/(2995:2995): PID: 2 - Instruccion WAIT RB a ejecutar por parte del Kernel 

[WARNING] 03:41:05:392 CPU/(2995:2995): PID: 3 - Ejecutando CREATE_SEGMENT 

[INFO] 03:41:05:392 CPU/(2995:2995): PID: 3 - Instruccion CREATE_SEGMENT 1 256 a ejecutar por parte del Kernel 

[WARNING] 03:42:05:449 CPU/(2995:2995): PID: 3 - Ejecutando MOV_IN 

[WARNING] 03:42:06:450 CPU/(2995:2995): PID: 3 - Accion: LEER - Segmento: 0 - Direccion fisica: 12 - Valor leido: Ch4u
[INFO] 03:42:06:451 CPU/(2995:2995): PID: 3 - Instruccion MOV_IN AX 12 finalizada 

[WARNING] 03:42:06:451 CPU/(2995:2995): PID: 3 - Ejecutando SIGNAL 

[INFO] 03:42:06:451 CPU/(2995:2995): PID: 3 - Instruccion SIGNAL RB a ejecutar por parte del Kernel 

[WARNING] 03:42:06:452 CPU/(2995:2995): PID: 3 - Ejecutando WAIT 

[INFO] 03:42:06:452 CPU/(2995:2995): PID: 3 - Instruccion WAIT RC a ejecutar por parte del Kernel 

[WARNING] 03:42:06:497 CPU/(2995:2995): PID: 2 - Ejecutando MOV_IN 

[WARNING] 03:42:07:499 CPU/(2995:2995): PID: 2 - Accion: LEER - Segmento: 1 - Direccion fisica: 128 - Valor leido: CoscuWin
[INFO] 03:42:07:500 CPU/(2995:2995): PID: 2 - Instruccion MOV_IN ECX 256 finalizada 

[WARNING] 03:42:07:500 CPU/(2995:2995): PID: 2 - Ejecutando DELETE_SEGMENT 

[INFO] 03:42:07:501 CPU/(2995:2995): PID: 2 - Instruccion DELETE_SEGMENT 1 a ejecutar por parte del Kernel 

[WARNING] 03:42:07:546 CPU/(2995:2995): PID: 2 - Ejecutando MOV_IN 

[WARNING] 03:42:08:548 CPU/(2995:2995): PID: 2 - Accion: LEER - Segmento: 8 - Direccion fisica: 576 - Valor leido: GermanNo
[INFO] 03:42:08:548 CPU/(2995:2995): PID: 2 - Instruccion MOV_IN EDX 2048 finalizada 

[WARNING] 03:42:08:548 CPU/(2995:2995): PID: 2 - Ejecutando DELETE_SEGMENT 

[INFO] 03:42:08:549 CPU/(2995:2995): PID: 2 - Instruccion DELETE_SEGMENT 2 a ejecutar por parte del Kernel 

[WARNING] 03:42:08:594 CPU/(2995:2995): PID: 2 - Ejecutando DELETE_SEGMENT 

[INFO] 03:42:08:594 CPU/(2995:2995): PID: 2 - Instruccion DELETE_SEGMENT 4 a ejecutar por parte del Kernel 

[WARNING] 03:42:08:637 CPU/(2995:2995): PID: 2 - Ejecutando DELETE_SEGMENT 

[INFO] 03:42:08:637 CPU/(2995:2995): PID: 2 - Instruccion DELETE_SEGMENT 5 a ejecutar por parte del Kernel 

[WARNING] 03:42:08:682 CPU/(2995:2995): PID: 2 - Ejecutando SIGNAL 

[INFO] 03:42:08:682 CPU/(2995:2995): PID: 2 - Instruccion SIGNAL RC a ejecutar por parte del Kernel 

[WARNING] 03:42:08:728 CPU/(2995:2995): PID: 2 - Ejecutando WAIT 

[INFO] 03:42:08:730 CPU/(2995:2995): PID: 2 - Instruccion WAIT RB a ejecutar por parte del Kernel 

[WARNING] 03:42:08:773 CPU/(2995:2995): PID: 3 - Ejecutando CREATE_SEGMENT 

[INFO] 03:42:08:773 CPU/(2995:2995): PID: 3 - Instruccion CREATE_SEGMENT 2 128 a ejecutar por parte del Kernel 

[WARNING] 03:42:08:819 CPU/(2995:2995): PID: 3 - Ejecutando SIGNAL 

[INFO] 03:42:08:819 CPU/(2995:2995): PID: 3 - Instruccion SIGNAL RA a ejecutar por parte del Kernel 

[WARNING] 03:42:08:861 CPU/(2995:2995): PID: 3 - Ejecutando SIGNAL 

[INFO] 03:42:08:861 CPU/(2995:2995): PID: 3 - Instruccion SIGNAL RB a ejecutar por parte del Kernel 

[WARNING] 03:42:08:906 CPU/(2995:2995): PID: 3 - Ejecutando EXIT 

[INFO] 03:42:08:906 CPU/(2995:2995): PID: 3 - Instruccion EXIT a ejecutar por parte del Kernel 

[WARNING] 03:42:08:949 CPU/(2995:2995): PID: 1 - Ejecutando EXIT 

[INFO] 03:42:08:949 CPU/(2995:2995): PID: 1 - Instruccion EXIT a ejecutar por parte del Kernel 

[WARNING] 03:42:08:996 CPU/(2995:2995): PID: 2 - Ejecutando EXIT 

[INFO] 03:42:08:996 CPU/(2995:2995): PID: 2 - Instruccion EXIT a ejecutar por parte del Kernel 

[ERROR] 03:42:16:673 CPU/(2995:2995): El cliente se desconecto. Terminando Servidor 

